<?xml version="1.0" encoding="UTF-8"?>
<coverage generated="1620539805076" clover="3.2.0">
  <project timestamp="1620539805077" name="All files">
    <metrics statements="38" coveredstatements="9" conditionals="2" coveredconditionals="0" methods="30" coveredmethods="3" elements="70" coveredelements="12" complexity="0" loc="38" ncloc="38" packages="4" files="4" classes="4"/>
    <package name="src">
      <metrics statements="20" coveredstatements="6" conditionals="0" coveredconditionals="0" methods="15" coveredmethods="1"/>
      <file name="App.js" path="D:\Work\reactjs\TrainingReactJS\src\App.js">
        <metrics statements="20" coveredstatements="6" conditionals="0" coveredconditionals="0" methods="15" coveredmethods="1"/>
        <line num="37" count="1" type="stmt"/>
        <line num="38" count="1" type="stmt"/>
        <line num="39" count="1" type="stmt"/>
        <line num="49" count="1" type="stmt"/>
        <line num="50" count="1" type="stmt"/>
        <line num="53" count="0" type="stmt"/>
        <line num="56" count="0" type="stmt"/>
        <line num="59" count="1" type="stmt"/>
        <line num="74" count="0" type="stmt"/>
        <line num="75" count="0" type="stmt"/>
        <line num="77" count="0" type="stmt"/>
        <line num="79" count="0" type="stmt"/>
        <line num="80" count="0" type="stmt"/>
        <line num="81" count="0" type="stmt"/>
        <line num="82" count="0" type="stmt"/>
        <line num="83" count="0" type="stmt"/>
        <line num="84" count="0" type="stmt"/>
        <line num="85" count="0" type="stmt"/>
        <line num="86" count="0" type="stmt"/>
        <line num="87" count="0" type="stmt"/>
      </file>
    </package>
    <package name="src.Common">
      <metrics statements="1" coveredstatements="1" conditionals="0" coveredconditionals="0" methods="1" coveredmethods="1"/>
      <file name="NavBar.js" path="D:\Work\reactjs\TrainingReactJS\src\Common\NavBar.js">
        <metrics statements="1" coveredstatements="1" conditionals="0" coveredconditionals="0" methods="1" coveredmethods="1"/>
        <line num="6" count="7" type="stmt"/>
      </file>
    </package>
    <package name="src.Common.Header">
      <metrics statements="6" coveredstatements="1" conditionals="2" coveredconditionals="0" methods="4" coveredmethods="0"/>
      <file name="Header.js" path="D:\Work\reactjs\TrainingReactJS\src\Common\Header\Header.js">
        <metrics statements="6" coveredstatements="1" conditionals="2" coveredconditionals="0" methods="4" coveredmethods="0"/>
        <line num="7" count="1" type="stmt"/>
        <line num="9" count="0" type="stmt"/>
        <line num="13" count="0" type="stmt"/>
        <line num="17" count="0" type="cond" truecount="0" falsecount="2"/>
        <line num="19" count="0" type="stmt"/>
        <line num="20" count="0" type="stmt"/>
      </file>
    </package>
    <package name="src.Layout">
      <metrics statements="11" coveredstatements="1" conditionals="0" coveredconditionals="0" methods="10" coveredmethods="1"/>
      <file name="Home.js" path="D:\Work\reactjs\TrainingReactJS\src\Layout\Home.js">
        <metrics statements="11" coveredstatements="1" conditionals="0" coveredconditionals="0" methods="10" coveredmethods="1"/>
        <line num="13" count="3" type="stmt"/>
        <line num="29" count="0" type="stmt"/>
        <line num="31" count="0" type="stmt"/>
        <line num="36" count="0" type="stmt"/>
        <line num="37" count="0" type="stmt"/>
        <line num="38" count="0" type="stmt"/>
        <line num="39" count="0" type="stmt"/>
        <line num="40" count="0" type="stmt"/>
        <line num="41" count="0" type="stmt"/>
        <line num="42" count="0" type="stmt"/>
        <line num="43" count="0" type="stmt"/>
      </file>
    </package>
  </project>
</coverage>
