{"F:\\react-handson\\React-Tasks\\TrainingReactJS\\src\\App.js": {"path":"F:\\react-handson\\React-Tasks\\TrainingReactJS\\src\\App.js","statementMap":{"0":{"start":{"line":37,"column":37},"end":{"line":37,"column":49}},"1":{"start":{"line":38,"column":29},"end":{"line":38,"column":44}},"2":{"start":{"line":39,"column":26},"end":{"line":39,"column":40}},"3":{"start":{"line":49,"column":2},"end":{"line":91,"column":4}},"4":{"start":{"line":63,"column":62},"end":{"line":63,"column":80}},"5":{"start":{"line":64,"column":59},"end":{"line":64,"column":79}},"6":{"start":{"line":66,"column":65},"end":{"line":66,"column":80}},"7":{"start":{"line":68,"column":64},"end":{"line":68,"column":79}},"8":{"start":{"line":69,"column":67},"end":{"line":69,"column":86}},"9":{"start":{"line":70,"column":68},"end":{"line":70,"column":87}},"10":{"start":{"line":71,"column":67},"end":{"line":71,"column":86}},"11":{"start":{"line":72,"column":75},"end":{"line":72,"column":101}},"12":{"start":{"line":73,"column":65},"end":{"line":73,"column":82}},"13":{"start":{"line":74,"column":66},"end":{"line":74,"column":83}},"14":{"start":{"line":75,"column":73},"end":{"line":75,"column":97}},"15":{"start":{"line":76,"column":66},"end":{"line":76,"column":83}}},"fnMap":{"0":{"name":"App","decl":{"start":{"line":35,"column":9},"end":{"line":35,"column":12}},"loc":{"start":{"line":35,"column":15},"end":{"line":92,"column":1}},"line":35},"1":{"name":"(anonymous_1)","decl":{"start":{"line":63,"column":49},"end":{"line":63,"column":50}},"loc":{"start":{"line":63,"column":62},"end":{"line":63,"column":80}},"line":63},"2":{"name":"(anonymous_2)","decl":{"start":{"line":64,"column":46},"end":{"line":64,"column":47}},"loc":{"start":{"line":64,"column":59},"end":{"line":64,"column":79}},"line":64},"3":{"name":"(anonymous_3)","decl":{"start":{"line":66,"column":52},"end":{"line":66,"column":53}},"loc":{"start":{"line":66,"column":65},"end":{"line":66,"column":80}},"line":66},"4":{"name":"(anonymous_4)","decl":{"start":{"line":68,"column":51},"end":{"line":68,"column":52}},"loc":{"start":{"line":68,"column":64},"end":{"line":68,"column":79}},"line":68},"5":{"name":"(anonymous_5)","decl":{"start":{"line":69,"column":54},"end":{"line":69,"column":55}},"loc":{"start":{"line":69,"column":67},"end":{"line":69,"column":86}},"line":69},"6":{"name":"(anonymous_6)","decl":{"start":{"line":70,"column":55},"end":{"line":70,"column":56}},"loc":{"start":{"line":70,"column":68},"end":{"line":70,"column":87}},"line":70},"7":{"name":"(anonymous_7)","decl":{"start":{"line":71,"column":54},"end":{"line":71,"column":55}},"loc":{"start":{"line":71,"column":67},"end":{"line":71,"column":86}},"line":71},"8":{"name":"(anonymous_8)","decl":{"start":{"line":72,"column":62},"end":{"line":72,"column":63}},"loc":{"start":{"line":72,"column":75},"end":{"line":72,"column":101}},"line":72},"9":{"name":"(anonymous_9)","decl":{"start":{"line":73,"column":52},"end":{"line":73,"column":53}},"loc":{"start":{"line":73,"column":65},"end":{"line":73,"column":82}},"line":73},"10":{"name":"(anonymous_10)","decl":{"start":{"line":74,"column":53},"end":{"line":74,"column":54}},"loc":{"start":{"line":74,"column":66},"end":{"line":74,"column":83}},"line":74},"11":{"name":"(anonymous_11)","decl":{"start":{"line":75,"column":60},"end":{"line":75,"column":61}},"loc":{"start":{"line":75,"column":73},"end":{"line":75,"column":97}},"line":75},"12":{"name":"(anonymous_12)","decl":{"start":{"line":76,"column":53},"end":{"line":76,"column":54}},"loc":{"start":{"line":76,"column":66},"end":{"line":76,"column":83}},"line":76}},"branchMap":{},"s":{"0":1,"1":1,"2":1,"3":1,"4":0,"5":0,"6":0,"7":0,"8":0,"9":0,"10":0,"11":0,"12":0,"13":0,"14":0,"15":0},"f":{"0":1,"1":0,"2":0,"3":0,"4":0,"5":0,"6":0,"7":0,"8":0,"9":0,"10":0,"11":0,"12":0},"b":{},"_coverageSchema":"1a1c01bbd47fc00a2c39e90264f33305004495a9","hash":"d58ddb4bbfa5f164760c48fe1549b778aba95101"}
,"F:\\react-handson\\React-Tasks\\TrainingReactJS\\src\\Common\\NavBar.js": {"path":"F:\\react-handson\\React-Tasks\\TrainingReactJS\\src\\Common\\NavBar.js","statementMap":{"0":{"start":{"line":5,"column":4},"end":{"line":28,"column":5}},"1":{"start":{"line":11,"column":47},"end":{"line":11,"column":79}}},"fnMap":{"0":{"name":"NavBar","decl":{"start":{"line":4,"column":24},"end":{"line":4,"column":30}},"loc":{"start":{"line":4,"column":33},"end":{"line":29,"column":1}},"line":4},"1":{"name":"(anonymous_1)","decl":{"start":{"line":11,"column":30},"end":{"line":11,"column":31}},"loc":{"start":{"line":11,"column":47},"end":{"line":11,"column":79}},"line":11}},"branchMap":{},"s":{"0":1,"1":0},"f":{"0":1,"1":0},"b":{},"_coverageSchema":"1a1c01bbd47fc00a2c39e90264f33305004495a9","hash":"c1efe9656891ffc6dc90ad6878e142a39c08ff36"}
,"F:\\react-handson\\React-Tasks\\TrainingReactJS\\src\\Common\\Header\\Header.js": {"path":"F:\\react-handson\\React-Tasks\\TrainingReactJS\\src\\Common\\Header\\Header.js","statementMap":{"0":{"start":{"line":7,"column":15},"end":{"line":24,"column":1}},"1":{"start":{"line":9,"column":18},"end":{"line":9,"column":30}},"2":{"start":{"line":13,"column":4},"end":{"line":23,"column":7}},"3":{"start":{"line":17,"column":73},"end":{"line":17,"column":89}},"4":{"start":{"line":19,"column":59},"end":{"line":19,"column":87}},"5":{"start":{"line":20,"column":62},"end":{"line":20,"column":84}}},"fnMap":{"0":{"name":"(anonymous_0)","decl":{"start":{"line":7,"column":15},"end":{"line":7,"column":16}},"loc":{"start":{"line":7,"column":26},"end":{"line":24,"column":1}},"line":7},"1":{"name":"(anonymous_1)","decl":{"start":{"line":17,"column":67},"end":{"line":17,"column":68}},"loc":{"start":{"line":17,"column":73},"end":{"line":17,"column":89}},"line":17},"2":{"name":"(anonymous_2)","decl":{"start":{"line":19,"column":53},"end":{"line":19,"column":54}},"loc":{"start":{"line":19,"column":59},"end":{"line":19,"column":87}},"line":19},"3":{"name":"(anonymous_3)","decl":{"start":{"line":20,"column":56},"end":{"line":20,"column":57}},"loc":{"start":{"line":20,"column":62},"end":{"line":20,"column":84}},"line":20}},"branchMap":{"0":{"loc":{"start":{"line":17,"column":16},"end":{"line":17,"column":139}},"type":"cond-expr","locations":[{"start":{"line":17,"column":31},"end":{"line":17,"column":132}},{"start":{"line":17,"column":135},"end":{"line":17,"column":139}}],"line":17}},"s":{"0":1,"1":0,"2":0,"3":0,"4":0,"5":0},"f":{"0":0,"1":0,"2":0,"3":0},"b":{"0":[0,0]},"_coverageSchema":"1a1c01bbd47fc00a2c39e90264f33305004495a9","hash":"4c69efe3ddac6f39b95b2847dbc04349477e6c53"}
,"F:\\react-handson\\React-Tasks\\TrainingReactJS\\src\\Layout\\Home.js": {"path":"F:\\react-handson\\React-Tasks\\TrainingReactJS\\src\\Layout\\Home.js","statementMap":{"0":{"start":{"line":13,"column":4},"end":{"line":19,"column":6}},"1":{"start":{"line":29,"column":18},"end":{"line":29,"column":30}},"2":{"start":{"line":31,"column":4},"end":{"line":47,"column":7}},"3":{"start":{"line":36,"column":35},"end":{"line":36,"column":61}},"4":{"start":{"line":37,"column":35},"end":{"line":37,"column":65}},"5":{"start":{"line":38,"column":35},"end":{"line":38,"column":66}},"6":{"start":{"line":39,"column":35},"end":{"line":39,"column":64}},"7":{"start":{"line":40,"column":35},"end":{"line":40,"column":63}},"8":{"start":{"line":41,"column":35},"end":{"line":41,"column":64}},"9":{"start":{"line":42,"column":35},"end":{"line":42,"column":71}},"10":{"start":{"line":43,"column":35},"end":{"line":43,"column":73}}},"fnMap":{"0":{"name":"HomeComponent","decl":{"start":{"line":12,"column":9},"end":{"line":12,"column":22}},"loc":{"start":{"line":12,"column":30},"end":{"line":20,"column":1}},"line":12},"1":{"name":"Operations","decl":{"start":{"line":27,"column":16},"end":{"line":27,"column":26}},"loc":{"start":{"line":27,"column":29},"end":{"line":48,"column":1}},"line":27},"2":{"name":"(anonymous_2)","decl":{"start":{"line":36,"column":29},"end":{"line":36,"column":30}},"loc":{"start":{"line":36,"column":35},"end":{"line":36,"column":61}},"line":36},"3":{"name":"(anonymous_3)","decl":{"start":{"line":37,"column":29},"end":{"line":37,"column":30}},"loc":{"start":{"line":37,"column":35},"end":{"line":37,"column":65}},"line":37},"4":{"name":"(anonymous_4)","decl":{"start":{"line":38,"column":29},"end":{"line":38,"column":30}},"loc":{"start":{"line":38,"column":35},"end":{"line":38,"column":66}},"line":38},"5":{"name":"(anonymous_5)","decl":{"start":{"line":39,"column":29},"end":{"line":39,"column":30}},"loc":{"start":{"line":39,"column":35},"end":{"line":39,"column":64}},"line":39},"6":{"name":"(anonymous_6)","decl":{"start":{"line":40,"column":29},"end":{"line":40,"column":30}},"loc":{"start":{"line":40,"column":35},"end":{"line":40,"column":63}},"line":40},"7":{"name":"(anonymous_7)","decl":{"start":{"line":41,"column":29},"end":{"line":41,"column":30}},"loc":{"start":{"line":41,"column":35},"end":{"line":41,"column":64}},"line":41},"8":{"name":"(anonymous_8)","decl":{"start":{"line":42,"column":29},"end":{"line":42,"column":30}},"loc":{"start":{"line":42,"column":35},"end":{"line":42,"column":71}},"line":42},"9":{"name":"(anonymous_9)","decl":{"start":{"line":43,"column":29},"end":{"line":43,"column":30}},"loc":{"start":{"line":43,"column":35},"end":{"line":43,"column":73}},"line":43}},"branchMap":{},"s":{"0":3,"1":0,"2":0,"3":0,"4":0,"5":0,"6":0,"7":0,"8":0,"9":0,"10":0},"f":{"0":3,"1":0,"2":0,"3":0,"4":0,"5":0,"6":0,"7":0,"8":0,"9":0},"b":{},"_coverageSchema":"1a1c01bbd47fc00a2c39e90264f33305004495a9","hash":"1816041f28c1b5b53d0465d053e989562f8628f6"}
}
