{"D:\\Work\\reactjs\\TrainingReactJS\\src\\App.js": {"path":"D:\\Work\\reactjs\\TrainingReactJS\\src\\App.js","statementMap":{"0":{"start":{"line":37,"column":37},"end":{"line":37,"column":49}},"1":{"start":{"line":38,"column":29},"end":{"line":38,"column":44}},"2":{"start":{"line":39,"column":26},"end":{"line":39,"column":40}},"3":{"start":{"line":49,"column":31},"end":{"line":49,"column":43}},"4":{"start":{"line":50,"column":33},"end":{"line":50,"column":45}},"5":{"start":{"line":53,"column":4},"end":{"line":53,"column":35}},"6":{"start":{"line":56,"column":4},"end":{"line":56,"column":37}},"7":{"start":{"line":60,"column":2},"end":{"line":103,"column":4}},"8":{"start":{"line":75,"column":62},"end":{"line":75,"column":80}},"9":{"start":{"line":76,"column":59},"end":{"line":76,"column":79}},"10":{"start":{"line":78,"column":65},"end":{"line":78,"column":80}},"11":{"start":{"line":80,"column":64},"end":{"line":80,"column":79}},"12":{"start":{"line":81,"column":67},"end":{"line":81,"column":86}},"13":{"start":{"line":82,"column":68},"end":{"line":82,"column":87}},"14":{"start":{"line":83,"column":67},"end":{"line":83,"column":86}},"15":{"start":{"line":84,"column":75},"end":{"line":84,"column":101}},"16":{"start":{"line":85,"column":65},"end":{"line":85,"column":82}},"17":{"start":{"line":86,"column":66},"end":{"line":86,"column":83}},"18":{"start":{"line":87,"column":73},"end":{"line":87,"column":97}},"19":{"start":{"line":88,"column":66},"end":{"line":88,"column":83}}},"fnMap":{"0":{"name":"App","decl":{"start":{"line":35,"column":9},"end":{"line":35,"column":12}},"loc":{"start":{"line":35,"column":15},"end":{"line":104,"column":1}},"line":35},"1":{"name":"setHome","decl":{"start":{"line":52,"column":11},"end":{"line":52,"column":18}},"loc":{"start":{"line":52,"column":22},"end":{"line":54,"column":3}},"line":52},"2":{"name":"setAdmin","decl":{"start":{"line":55,"column":11},"end":{"line":55,"column":19}},"loc":{"start":{"line":55,"column":23},"end":{"line":57,"column":3}},"line":55},"3":{"name":"(anonymous_3)","decl":{"start":{"line":75,"column":49},"end":{"line":75,"column":50}},"loc":{"start":{"line":75,"column":62},"end":{"line":75,"column":80}},"line":75},"4":{"name":"(anonymous_4)","decl":{"start":{"line":76,"column":46},"end":{"line":76,"column":47}},"loc":{"start":{"line":76,"column":59},"end":{"line":76,"column":79}},"line":76},"5":{"name":"(anonymous_5)","decl":{"start":{"line":78,"column":52},"end":{"line":78,"column":53}},"loc":{"start":{"line":78,"column":65},"end":{"line":78,"column":80}},"line":78},"6":{"name":"(anonymous_6)","decl":{"start":{"line":80,"column":51},"end":{"line":80,"column":52}},"loc":{"start":{"line":80,"column":64},"end":{"line":80,"column":79}},"line":80},"7":{"name":"(anonymous_7)","decl":{"start":{"line":81,"column":54},"end":{"line":81,"column":55}},"loc":{"start":{"line":81,"column":67},"end":{"line":81,"column":86}},"line":81},"8":{"name":"(anonymous_8)","decl":{"start":{"line":82,"column":55},"end":{"line":82,"column":56}},"loc":{"start":{"line":82,"column":68},"end":{"line":82,"column":87}},"line":82},"9":{"name":"(anonymous_9)","decl":{"start":{"line":83,"column":54},"end":{"line":83,"column":55}},"loc":{"start":{"line":83,"column":67},"end":{"line":83,"column":86}},"line":83},"10":{"name":"(anonymous_10)","decl":{"start":{"line":84,"column":62},"end":{"line":84,"column":63}},"loc":{"start":{"line":84,"column":75},"end":{"line":84,"column":101}},"line":84},"11":{"name":"(anonymous_11)","decl":{"start":{"line":85,"column":52},"end":{"line":85,"column":53}},"loc":{"start":{"line":85,"column":65},"end":{"line":85,"column":82}},"line":85},"12":{"name":"(anonymous_12)","decl":{"start":{"line":86,"column":53},"end":{"line":86,"column":54}},"loc":{"start":{"line":86,"column":66},"end":{"line":86,"column":83}},"line":86},"13":{"name":"(anonymous_13)","decl":{"start":{"line":87,"column":60},"end":{"line":87,"column":61}},"loc":{"start":{"line":87,"column":73},"end":{"line":87,"column":97}},"line":87},"14":{"name":"(anonymous_14)","decl":{"start":{"line":88,"column":53},"end":{"line":88,"column":54}},"loc":{"start":{"line":88,"column":66},"end":{"line":88,"column":83}},"line":88}},"branchMap":{},"s":{"0":2,"1":2,"2":2,"3":2,"4":2,"5":0,"6":0,"7":2,"8":0,"9":0,"10":0,"11":0,"12":0,"13":0,"14":0,"15":0,"16":0,"17":0,"18":0,"19":0},"f":{"0":2,"1":0,"2":0,"3":0,"4":0,"5":0,"6":0,"7":0,"8":0,"9":0,"10":0,"11":0,"12":0,"13":0,"14":0},"b":{},"_coverageSchema":"1a1c01bbd47fc00a2c39e90264f33305004495a9","hash":"ab94217a27066a7d61ac22a497d990ca89b34d77"}
,"D:\\Work\\reactjs\\TrainingReactJS\\src\\index.js": {"path":"D:\\Work\\reactjs\\TrainingReactJS\\src\\index.js","statementMap":{"0":{"start":{"line":7,"column":0},"end":{"line":12,"column":2}},"1":{"start":{"line":17,"column":0},"end":{"line":17,"column":18}}},"fnMap":{},"branchMap":{},"s":{"0":0,"1":0},"f":{},"b":{}}
,"D:\\Work\\reactjs\\TrainingReactJS\\src\\reportWebVitals.js": {"path":"D:\\Work\\reactjs\\TrainingReactJS\\src\\reportWebVitals.js","statementMap":{"0":{"start":{"line":1,"column":24},"end":{"line":11,"column":1}},"1":{"start":{"line":2,"column":2},"end":{"line":10,"column":3}},"2":{"start":{"line":3,"column":4},"end":{"line":9,"column":7}},"3":{"start":{"line":4,"column":6},"end":{"line":4,"column":26}},"4":{"start":{"line":5,"column":6},"end":{"line":5,"column":26}},"5":{"start":{"line":6,"column":6},"end":{"line":6,"column":26}},"6":{"start":{"line":7,"column":6},"end":{"line":7,"column":26}},"7":{"start":{"line":8,"column":6},"end":{"line":8,"column":27}}},"fnMap":{"0":{"name":"(anonymous_0)","decl":{"start":{"line":1,"column":24},"end":{"line":1,"column":25}},"loc":{"start":{"line":1,"column":39},"end":{"line":11,"column":1}},"line":1},"1":{"name":"(anonymous_1)","decl":{"start":{"line":3,"column":30},"end":{"line":3,"column":31}},"loc":{"start":{"line":3,"column":79},"end":{"line":9,"column":5}},"line":3}},"branchMap":{"0":{"loc":{"start":{"line":2,"column":2},"end":{"line":10,"column":3}},"type":"if","locations":[{"start":{"line":2,"column":2},"end":{"line":10,"column":3}},{"start":{"line":2,"column":2},"end":{"line":10,"column":3}}],"line":2},"1":{"loc":{"start":{"line":2,"column":6},"end":{"line":2,"column":52}},"type":"binary-expr","locations":[{"start":{"line":2,"column":6},"end":{"line":2,"column":17}},{"start":{"line":2,"column":21},"end":{"line":2,"column":52}}],"line":2}},"s":{"0":0,"1":0,"2":0,"3":0,"4":0,"5":0,"6":0,"7":0},"f":{"0":0,"1":0},"b":{"0":[0,0],"1":[0,0]}}
,"D:\\Work\\reactjs\\TrainingReactJS\\src\\Common\\NavBar.js": {"path":"D:\\Work\\reactjs\\TrainingReactJS\\src\\Common\\NavBar.js","statementMap":{"0":{"start":{"line":6,"column":4},"end":{"line":29,"column":5}}},"fnMap":{"0":{"name":"NavBar","decl":{"start":{"line":4,"column":24},"end":{"line":4,"column":30}},"loc":{"start":{"line":4,"column":38},"end":{"line":30,"column":1}},"line":4}},"branchMap":{},"s":{"0":7},"f":{"0":7},"b":{},"_coverageSchema":"1a1c01bbd47fc00a2c39e90264f33305004495a9","hash":"142d91a0ff00fd899d166091849de61e126bb1c8"}
,"D:\\Work\\reactjs\\TrainingReactJS\\src\\Common\\Footer\\Footer.js": {"path":"D:\\Work\\reactjs\\TrainingReactJS\\src\\Common\\Footer\\Footer.js","statementMap":{"0":{"start":{"line":10,"column":15},"end":{"line":37,"column":1}},"1":{"start":{"line":12,"column":18},"end":{"line":12,"column":30}},"2":{"start":{"line":16,"column":4},"end":{"line":36,"column":7}}},"fnMap":{"0":{"name":"(anonymous_0)","decl":{"start":{"line":10,"column":15},"end":{"line":10,"column":16}},"loc":{"start":{"line":10,"column":26},"end":{"line":37,"column":1}},"line":10}},"branchMap":{},"s":{"0":1,"1":0,"2":0},"f":{"0":0},"b":{},"_coverageSchema":"1a1c01bbd47fc00a2c39e90264f33305004495a9","hash":"dcbf30ddeb813fb763e0c2212b938ff7ee972b29"}
,"D:\\Work\\reactjs\\TrainingReactJS\\src\\Common\\Header\\Header.js": {"path":"D:\\Work\\reactjs\\TrainingReactJS\\src\\Common\\Header\\Header.js","statementMap":{"0":{"start":{"line":7,"column":15},"end":{"line":24,"column":1}},"1":{"start":{"line":9,"column":18},"end":{"line":9,"column":30}},"2":{"start":{"line":13,"column":4},"end":{"line":23,"column":7}},"3":{"start":{"line":17,"column":73},"end":{"line":17,"column":89}},"4":{"start":{"line":19,"column":59},"end":{"line":19,"column":87}},"5":{"start":{"line":20,"column":62},"end":{"line":20,"column":84}}},"fnMap":{"0":{"name":"(anonymous_0)","decl":{"start":{"line":7,"column":15},"end":{"line":7,"column":16}},"loc":{"start":{"line":7,"column":26},"end":{"line":24,"column":1}},"line":7},"1":{"name":"(anonymous_1)","decl":{"start":{"line":17,"column":67},"end":{"line":17,"column":68}},"loc":{"start":{"line":17,"column":73},"end":{"line":17,"column":89}},"line":17},"2":{"name":"(anonymous_2)","decl":{"start":{"line":19,"column":53},"end":{"line":19,"column":54}},"loc":{"start":{"line":19,"column":59},"end":{"line":19,"column":87}},"line":19},"3":{"name":"(anonymous_3)","decl":{"start":{"line":20,"column":56},"end":{"line":20,"column":57}},"loc":{"start":{"line":20,"column":62},"end":{"line":20,"column":84}},"line":20}},"branchMap":{"0":{"loc":{"start":{"line":17,"column":16},"end":{"line":17,"column":139}},"type":"cond-expr","locations":[{"start":{"line":17,"column":31},"end":{"line":17,"column":132}},{"start":{"line":17,"column":135},"end":{"line":17,"column":139}}],"line":17}},"s":{"0":1,"1":0,"2":0,"3":0,"4":0,"5":0},"f":{"0":0,"1":0,"2":0,"3":0},"b":{"0":[0,0]},"_coverageSchema":"1a1c01bbd47fc00a2c39e90264f33305004495a9","hash":"5ff3582c959dc3ae7e07d61fff45c4487ba74b09"}
,"D:\\Work\\reactjs\\TrainingReactJS\\src\\Component\\DirectDebit\\DirectDebit.js": {"path":"D:\\Work\\reactjs\\TrainingReactJS\\src\\Component\\DirectDebit\\DirectDebit.js","statementMap":{"0":{"start":{"line":16,"column":4},"end":{"line":22,"column":5}},"1":{"start":{"line":28,"column":4},"end":{"line":46,"column":5}},"2":{"start":{"line":54,"column":4},"end":{"line":60,"column":5}},"3":{"start":{"line":55,"column":8},"end":{"line":55,"column":49}},"4":{"start":{"line":56,"column":8},"end":{"line":56,"column":50}},"5":{"start":{"line":58,"column":8},"end":{"line":58,"column":53}},"6":{"start":{"line":59,"column":8},"end":{"line":59,"column":46}},"7":{"start":{"line":69,"column":37},"end":{"line":92,"column":5}},"8":{"start":{"line":94,"column":4},"end":{"line":103,"column":5}},"9":{"start":{"line":97,"column":16},"end":{"line":99,"column":17}},"10":{"start":{"line":107,"column":4},"end":{"line":127,"column":5}},"11":{"start":{"line":111,"column":98},"end":{"line":111,"column":109}},"12":{"start":{"line":139,"column":4},"end":{"line":148,"column":61}},"13":{"start":{"line":140,"column":8},"end":{"line":140,"column":24}},"14":{"start":{"line":141,"column":9},"end":{"line":148,"column":61}},"15":{"start":{"line":142,"column":8},"end":{"line":142,"column":24}},"16":{"start":{"line":143,"column":9},"end":{"line":148,"column":61}},"17":{"start":{"line":144,"column":8},"end":{"line":144,"column":24}},"18":{"start":{"line":145,"column":9},"end":{"line":148,"column":61}},"19":{"start":{"line":146,"column":8},"end":{"line":146,"column":24}},"20":{"start":{"line":148,"column":8},"end":{"line":148,"column":61}},"21":{"start":{"line":153,"column":4},"end":{"line":187,"column":5}},"22":{"start":{"line":190,"column":4},"end":{"line":200,"column":5}},"23":{"start":{"line":203,"column":4},"end":{"line":209,"column":5}},"24":{"start":{"line":212,"column":4},"end":{"line":222,"column":5}}},"fnMap":{"0":{"name":"DirectDebit","decl":{"start":{"line":12,"column":9},"end":{"line":12,"column":20}},"loc":{"start":{"line":12,"column":28},"end":{"line":23,"column":1}},"line":12},"1":{"name":"DirectDebitBody","decl":{"start":{"line":27,"column":9},"end":{"line":27,"column":24}},"loc":{"start":{"line":27,"column":32},"end":{"line":47,"column":1}},"line":27},"2":{"name":"chgStyle","decl":{"start":{"line":50,"column":9},"end":{"line":50,"column":17}},"loc":{"start":{"line":50,"column":21},"end":{"line":63,"column":1}},"line":50},"3":{"name":"AccordionList","decl":{"start":{"line":65,"column":9},"end":{"line":65,"column":22}},"loc":{"start":{"line":65,"column":30},"end":{"line":104,"column":1}},"line":65},"4":{"name":"(anonymous_4)","decl":{"start":{"line":96,"column":27},"end":{"line":96,"column":28}},"loc":{"start":{"line":96,"column":30},"end":{"line":100,"column":13}},"line":96},"5":{"name":"Accord","decl":{"start":{"line":106,"column":9},"end":{"line":106,"column":15}},"loc":{"start":{"line":106,"column":35},"end":{"line":128,"column":1}},"line":106},"6":{"name":"(anonymous_6)","decl":{"start":{"line":111,"column":93},"end":{"line":111,"column":94}},"loc":{"start":{"line":111,"column":98},"end":{"line":111,"column":109}},"line":111},"7":{"name":"getBodies","decl":{"start":{"line":137,"column":9},"end":{"line":137,"column":18}},"loc":{"start":{"line":137,"column":23},"end":{"line":150,"column":1}},"line":137},"8":{"name":"Body1","decl":{"start":{"line":152,"column":9},"end":{"line":152,"column":14}},"loc":{"start":{"line":152,"column":22},"end":{"line":188,"column":1}},"line":152},"9":{"name":"Body2","decl":{"start":{"line":189,"column":9},"end":{"line":189,"column":14}},"loc":{"start":{"line":189,"column":22},"end":{"line":201,"column":1}},"line":189},"10":{"name":"Body3","decl":{"start":{"line":202,"column":9},"end":{"line":202,"column":14}},"loc":{"start":{"line":202,"column":22},"end":{"line":210,"column":1}},"line":202},"11":{"name":"Body4","decl":{"start":{"line":211,"column":9},"end":{"line":211,"column":14}},"loc":{"start":{"line":211,"column":22},"end":{"line":223,"column":1}},"line":211}},"branchMap":{"0":{"loc":{"start":{"line":54,"column":4},"end":{"line":60,"column":5}},"type":"if","locations":[{"start":{"line":54,"column":4},"end":{"line":60,"column":5}},{"start":{"line":54,"column":4},"end":{"line":60,"column":5}}],"line":54},"1":{"loc":{"start":{"line":139,"column":4},"end":{"line":148,"column":61}},"type":"if","locations":[{"start":{"line":139,"column":4},"end":{"line":148,"column":61}},{"start":{"line":139,"column":4},"end":{"line":148,"column":61}}],"line":139},"2":{"loc":{"start":{"line":141,"column":9},"end":{"line":148,"column":61}},"type":"if","locations":[{"start":{"line":141,"column":9},"end":{"line":148,"column":61}},{"start":{"line":141,"column":9},"end":{"line":148,"column":61}}],"line":141},"3":{"loc":{"start":{"line":143,"column":9},"end":{"line":148,"column":61}},"type":"if","locations":[{"start":{"line":143,"column":9},"end":{"line":148,"column":61}},{"start":{"line":143,"column":9},"end":{"line":148,"column":61}}],"line":143},"4":{"loc":{"start":{"line":145,"column":9},"end":{"line":148,"column":61}},"type":"if","locations":[{"start":{"line":145,"column":9},"end":{"line":148,"column":61}},{"start":{"line":145,"column":9},"end":{"line":148,"column":61}}],"line":145}},"s":{"0":0,"1":0,"2":0,"3":0,"4":0,"5":0,"6":0,"7":0,"8":0,"9":0,"10":0,"11":0,"12":0,"13":0,"14":0,"15":0,"16":0,"17":0,"18":0,"19":0,"20":0,"21":0,"22":0,"23":0,"24":0},"f":{"0":0,"1":0,"2":0,"3":0,"4":0,"5":0,"6":0,"7":0,"8":0,"9":0,"10":0,"11":0},"b":{"0":[0,0],"1":[0,0],"2":[0,0],"3":[0,0],"4":[0,0]},"_coverageSchema":"1a1c01bbd47fc00a2c39e90264f33305004495a9","hash":"c53c9b6a9410a1cedeb80ebb4ba281191a68b532"}
,"D:\\Work\\reactjs\\TrainingReactJS\\src\\Component\\FutureDatedPayment\\FutureDatedPayment.js": {"path":"D:\\Work\\reactjs\\TrainingReactJS\\src\\Component\\FutureDatedPayment\\FutureDatedPayment.js","statementMap":{"0":{"start":{"line":13,"column":4},"end":{"line":19,"column":5}},"1":{"start":{"line":26,"column":26},"end":{"line":26,"column":51}},"2":{"start":{"line":27,"column":23},"end":{"line":27,"column":68}},"3":{"start":{"line":31,"column":4},"end":{"line":67,"column":5}},"4":{"start":{"line":48,"column":28},"end":{"line":58,"column":29}},"5":{"start":{"line":73,"column":4},"end":{"line":80,"column":38}},"6":{"start":{"line":74,"column":8},"end":{"line":74,"column":39}},"7":{"start":{"line":75,"column":9},"end":{"line":80,"column":38}},"8":{"start":{"line":76,"column":8},"end":{"line":76,"column":41}},"9":{"start":{"line":77,"column":9},"end":{"line":80,"column":38}},"10":{"start":{"line":78,"column":8},"end":{"line":78,"column":39}},"11":{"start":{"line":79,"column":9},"end":{"line":80,"column":38}},"12":{"start":{"line":80,"column":8},"end":{"line":80,"column":38}},"13":{"start":{"line":81,"column":4},"end":{"line":81,"column":13}}},"fnMap":{"0":{"name":"FutureDatedPayment","decl":{"start":{"line":12,"column":9},"end":{"line":12,"column":27}},"loc":{"start":{"line":12,"column":35},"end":{"line":20,"column":1}},"line":12},"1":{"name":"FutureDatedPaymentBody","decl":{"start":{"line":23,"column":9},"end":{"line":23,"column":31}},"loc":{"start":{"line":23,"column":39},"end":{"line":68,"column":1}},"line":23},"2":{"name":"(anonymous_2)","decl":{"start":{"line":47,"column":41},"end":{"line":47,"column":42}},"loc":{"start":{"line":47,"column":44},"end":{"line":59,"column":25}},"line":47},"3":{"name":"getStyleStatus","decl":{"start":{"line":72,"column":9},"end":{"line":72,"column":23}},"loc":{"start":{"line":72,"column":32},"end":{"line":82,"column":1}},"line":72}},"branchMap":{"0":{"loc":{"start":{"line":73,"column":4},"end":{"line":80,"column":38}},"type":"if","locations":[{"start":{"line":73,"column":4},"end":{"line":80,"column":38}},{"start":{"line":73,"column":4},"end":{"line":80,"column":38}}],"line":73},"1":{"loc":{"start":{"line":75,"column":9},"end":{"line":80,"column":38}},"type":"if","locations":[{"start":{"line":75,"column":9},"end":{"line":80,"column":38}},{"start":{"line":75,"column":9},"end":{"line":80,"column":38}}],"line":75},"2":{"loc":{"start":{"line":77,"column":9},"end":{"line":80,"column":38}},"type":"if","locations":[{"start":{"line":77,"column":9},"end":{"line":80,"column":38}},{"start":{"line":77,"column":9},"end":{"line":80,"column":38}}],"line":77},"3":{"loc":{"start":{"line":79,"column":9},"end":{"line":80,"column":38}},"type":"if","locations":[{"start":{"line":79,"column":9},"end":{"line":80,"column":38}},{"start":{"line":79,"column":9},"end":{"line":80,"column":38}}],"line":79}},"s":{"0":0,"1":0,"2":0,"3":0,"4":0,"5":0,"6":0,"7":0,"8":0,"9":0,"10":0,"11":0,"12":0,"13":0},"f":{"0":0,"1":0,"2":0,"3":0},"b":{"0":[0,0],"1":[0,0],"2":[0,0],"3":[0,0]},"_coverageSchema":"1a1c01bbd47fc00a2c39e90264f33305004495a9","hash":"11be2a1c86f704979fbcff56b8d85e85d468b627"}
,"D:\\Work\\reactjs\\TrainingReactJS\\src\\Component\\ManagePayee\\ManagePayee.js": {"path":"D:\\Work\\reactjs\\TrainingReactJS\\src\\Component\\ManagePayee\\ManagePayee.js","statementMap":{"0":{"start":{"line":12,"column":26},"end":{"line":12,"column":51}},"1":{"start":{"line":14,"column":30},"end":{"line":14,"column":55}},"2":{"start":{"line":16,"column":14},"end":{"line":16,"column":51}},"3":{"start":{"line":16,"column":20},"end":{"line":16,"column":51}},"4":{"start":{"line":19,"column":4},"end":{"line":21,"column":6}},"5":{"start":{"line":24,"column":4},"end":{"line":39,"column":7}}},"fnMap":{"0":{"name":"ManagePayee","decl":{"start":{"line":10,"column":9},"end":{"line":10,"column":20}},"loc":{"start":{"line":10,"column":28},"end":{"line":40,"column":1}},"line":10},"1":{"name":"(anonymous_1)","decl":{"start":{"line":16,"column":14},"end":{"line":16,"column":15}},"loc":{"start":{"line":16,"column":20},"end":{"line":16,"column":51}},"line":16},"2":{"name":"(anonymous_2)","decl":{"start":{"line":19,"column":14},"end":{"line":19,"column":15}},"loc":{"start":{"line":19,"column":18},"end":{"line":21,"column":5}},"line":19}},"branchMap":{},"s":{"0":0,"1":0,"2":0,"3":0,"4":0,"5":0},"f":{"0":0,"1":0,"2":0},"b":{},"_coverageSchema":"1a1c01bbd47fc00a2c39e90264f33305004495a9","hash":"2d038da1abab3da578f60133ef1b44aeb2634e67"}
,"D:\\Work\\reactjs\\TrainingReactJS\\src\\Component\\MobileTopUp\\MobileTopUp.js": {"path":"D:\\Work\\reactjs\\TrainingReactJS\\src\\Component\\MobileTopUp\\MobileTopUp.js","statementMap":{"0":{"start":{"line":10,"column":26},"end":{"line":10,"column":51}},"1":{"start":{"line":13,"column":4},"end":{"line":15,"column":6}},"2":{"start":{"line":18,"column":4},"end":{"line":38,"column":7}},"3":{"start":{"line":45,"column":26},"end":{"line":45,"column":51}},"4":{"start":{"line":48,"column":29},"end":{"line":48,"column":41}},"5":{"start":{"line":49,"column":24},"end":{"line":51,"column":5}},"6":{"start":{"line":50,"column":6},"end":{"line":50,"column":17}},"7":{"start":{"line":53,"column":4},"end":{"line":70,"column":5}},"8":{"start":{"line":59,"column":45},"end":{"line":59,"column":77}},"9":{"start":{"line":63,"column":28},"end":{"line":63,"column":88}}},"fnMap":{"0":{"name":"MobileTopUp","decl":{"start":{"line":8,"column":9},"end":{"line":8,"column":20}},"loc":{"start":{"line":8,"column":28},"end":{"line":39,"column":1}},"line":8},"1":{"name":"(anonymous_1)","decl":{"start":{"line":13,"column":14},"end":{"line":13,"column":15}},"loc":{"start":{"line":13,"column":18},"end":{"line":15,"column":5}},"line":13},"2":{"name":"MobileTopUpBody","decl":{"start":{"line":43,"column":9},"end":{"line":43,"column":24}},"loc":{"start":{"line":43,"column":32},"end":{"line":71,"column":1}},"line":43},"3":{"name":"(anonymous_3)","decl":{"start":{"line":49,"column":24},"end":{"line":49,"column":25}},"loc":{"start":{"line":49,"column":30},"end":{"line":51,"column":5}},"line":49},"4":{"name":"(anonymous_4)","decl":{"start":{"line":59,"column":34},"end":{"line":59,"column":35}},"loc":{"start":{"line":59,"column":45},"end":{"line":59,"column":77}},"line":59},"5":{"name":"(anonymous_5)","decl":{"start":{"line":62,"column":58},"end":{"line":62,"column":59}},"loc":{"start":{"line":63,"column":28},"end":{"line":63,"column":88}},"line":63}},"branchMap":{},"s":{"0":0,"1":0,"2":0,"3":0,"4":0,"5":0,"6":0,"7":0,"8":0,"9":0},"f":{"0":0,"1":0,"2":0,"3":0,"4":0,"5":0},"b":{},"_coverageSchema":"1a1c01bbd47fc00a2c39e90264f33305004495a9","hash":"e2813342f08108170170755b3bec7aef0514dae5"}
,"D:\\Work\\reactjs\\TrainingReactJS\\src\\Component\\PrivateBankingPayment\\PrivateBankingPayment.js": {"path":"D:\\Work\\reactjs\\TrainingReactJS\\src\\Component\\PrivateBankingPayment\\PrivateBankingPayment.js","statementMap":{"0":{"start":{"line":14,"column":4},"end":{"line":21,"column":5}},"1":{"start":{"line":27,"column":26},"end":{"line":27,"column":51}},"2":{"start":{"line":28,"column":16},"end":{"line":28,"column":31}},"3":{"start":{"line":30,"column":18},"end":{"line":30,"column":30}},"4":{"start":{"line":32,"column":29},"end":{"line":32,"column":41}},"5":{"start":{"line":33,"column":24},"end":{"line":35,"column":5}},"6":{"start":{"line":34,"column":6},"end":{"line":34,"column":17}},"7":{"start":{"line":39,"column":4},"end":{"line":78,"column":5}},"8":{"start":{"line":73,"column":66},"end":{"line":73,"column":82}}},"fnMap":{"0":{"name":"PrivateBankingPayment","decl":{"start":{"line":13,"column":9},"end":{"line":13,"column":30}},"loc":{"start":{"line":13,"column":38},"end":{"line":22,"column":1}},"line":13},"1":{"name":"PrivateBankingPaymentBody","decl":{"start":{"line":25,"column":9},"end":{"line":25,"column":34}},"loc":{"start":{"line":25,"column":42},"end":{"line":79,"column":1}},"line":25},"2":{"name":"(anonymous_2)","decl":{"start":{"line":33,"column":24},"end":{"line":33,"column":25}},"loc":{"start":{"line":33,"column":30},"end":{"line":35,"column":5}},"line":33},"3":{"name":"(anonymous_3)","decl":{"start":{"line":73,"column":60},"end":{"line":73,"column":61}},"loc":{"start":{"line":73,"column":66},"end":{"line":73,"column":82}},"line":73}},"branchMap":{},"s":{"0":0,"1":0,"2":0,"3":0,"4":0,"5":0,"6":0,"7":0,"8":0},"f":{"0":0,"1":0,"2":0,"3":0},"b":{},"_coverageSchema":"1a1c01bbd47fc00a2c39e90264f33305004495a9","hash":"16d1d2b73a2bf11e76ababe55323fed59f88a94c"}
,"D:\\Work\\reactjs\\TrainingReactJS\\src\\Component\\SendMoney\\SendMoney.js": {"path":"D:\\Work\\reactjs\\TrainingReactJS\\src\\Component\\SendMoney\\SendMoney.js","statementMap":{"0":{"start":{"line":12,"column":26},"end":{"line":12,"column":51}},"1":{"start":{"line":14,"column":30},"end":{"line":14,"column":55}},"2":{"start":{"line":16,"column":14},"end":{"line":16,"column":51}},"3":{"start":{"line":16,"column":20},"end":{"line":16,"column":51}},"4":{"start":{"line":19,"column":4},"end":{"line":21,"column":6}},"5":{"start":{"line":24,"column":4},"end":{"line":52,"column":7}},"6":{"start":{"line":60,"column":26},"end":{"line":60,"column":51}},"7":{"start":{"line":63,"column":29},"end":{"line":63,"column":41}},"8":{"start":{"line":64,"column":24},"end":{"line":66,"column":5}},"9":{"start":{"line":65,"column":6},"end":{"line":65,"column":17}},"10":{"start":{"line":68,"column":4},"end":{"line":85,"column":5}},"11":{"start":{"line":74,"column":45},"end":{"line":74,"column":77}},"12":{"start":{"line":78,"column":28},"end":{"line":78,"column":77}}},"fnMap":{"0":{"name":"SendMoney","decl":{"start":{"line":10,"column":9},"end":{"line":10,"column":18}},"loc":{"start":{"line":10,"column":26},"end":{"line":53,"column":1}},"line":10},"1":{"name":"(anonymous_1)","decl":{"start":{"line":16,"column":14},"end":{"line":16,"column":15}},"loc":{"start":{"line":16,"column":20},"end":{"line":16,"column":51}},"line":16},"2":{"name":"(anonymous_2)","decl":{"start":{"line":19,"column":14},"end":{"line":19,"column":15}},"loc":{"start":{"line":19,"column":18},"end":{"line":21,"column":5}},"line":19},"3":{"name":"SendBody","decl":{"start":{"line":58,"column":9},"end":{"line":58,"column":17}},"loc":{"start":{"line":58,"column":25},"end":{"line":86,"column":1}},"line":58},"4":{"name":"(anonymous_4)","decl":{"start":{"line":64,"column":24},"end":{"line":64,"column":25}},"loc":{"start":{"line":64,"column":30},"end":{"line":66,"column":5}},"line":64},"5":{"name":"(anonymous_5)","decl":{"start":{"line":74,"column":34},"end":{"line":74,"column":35}},"loc":{"start":{"line":74,"column":45},"end":{"line":74,"column":77}},"line":74},"6":{"name":"(anonymous_6)","decl":{"start":{"line":77,"column":58},"end":{"line":77,"column":59}},"loc":{"start":{"line":78,"column":28},"end":{"line":78,"column":77}},"line":78}},"branchMap":{},"s":{"0":0,"1":0,"2":0,"3":0,"4":0,"5":0,"6":0,"7":0,"8":0,"9":0,"10":0,"11":0,"12":0},"f":{"0":0,"1":0,"2":0,"3":0,"4":0,"5":0,"6":0},"b":{},"_coverageSchema":"1a1c01bbd47fc00a2c39e90264f33305004495a9","hash":"3b4a8855aebb0cda119a0e0375007b3b41df49ae"}
,"D:\\Work\\reactjs\\TrainingReactJS\\src\\Component\\SetUpStanding\\SetUpStanding.js": {"path":"D:\\Work\\reactjs\\TrainingReactJS\\src\\Component\\SetUpStanding\\SetUpStanding.js","statementMap":{"0":{"start":{"line":12,"column":4},"end":{"line":19,"column":5}},"1":{"start":{"line":25,"column":26},"end":{"line":25,"column":51}},"2":{"start":{"line":26,"column":16},"end":{"line":26,"column":31}},"3":{"start":{"line":28,"column":29},"end":{"line":28,"column":41}},"4":{"start":{"line":29,"column":24},"end":{"line":31,"column":5}},"5":{"start":{"line":30,"column":6},"end":{"line":30,"column":17}},"6":{"start":{"line":35,"column":4},"end":{"line":69,"column":5}},"7":{"start":{"line":56,"column":45},"end":{"line":56,"column":77}},"8":{"start":{"line":60,"column":28},"end":{"line":60,"column":88}}},"fnMap":{"0":{"name":"SetUpStanding","decl":{"start":{"line":11,"column":9},"end":{"line":11,"column":22}},"loc":{"start":{"line":11,"column":30},"end":{"line":20,"column":1}},"line":11},"1":{"name":"SetUpStandingBody","decl":{"start":{"line":23,"column":9},"end":{"line":23,"column":26}},"loc":{"start":{"line":23,"column":34},"end":{"line":70,"column":1}},"line":23},"2":{"name":"(anonymous_2)","decl":{"start":{"line":29,"column":24},"end":{"line":29,"column":25}},"loc":{"start":{"line":29,"column":30},"end":{"line":31,"column":5}},"line":29},"3":{"name":"(anonymous_3)","decl":{"start":{"line":56,"column":34},"end":{"line":56,"column":35}},"loc":{"start":{"line":56,"column":45},"end":{"line":56,"column":77}},"line":56},"4":{"name":"(anonymous_4)","decl":{"start":{"line":59,"column":58},"end":{"line":59,"column":59}},"loc":{"start":{"line":60,"column":28},"end":{"line":60,"column":88}},"line":60}},"branchMap":{},"s":{"0":0,"1":0,"2":0,"3":0,"4":0,"5":0,"6":0,"7":0,"8":0},"f":{"0":0,"1":0,"2":0,"3":0,"4":0},"b":{},"_coverageSchema":"1a1c01bbd47fc00a2c39e90264f33305004495a9","hash":"388c02958e40fa3178a7053bf97b7a65c045fe4b"}
,"D:\\Work\\reactjs\\TrainingReactJS\\src\\Component\\StandingOrder\\StandingOrder.js": {"path":"D:\\Work\\reactjs\\TrainingReactJS\\src\\Component\\StandingOrder\\StandingOrder.js","statementMap":{"0":{"start":{"line":11,"column":26},"end":{"line":11,"column":51}},"1":{"start":{"line":12,"column":16},"end":{"line":12,"column":31}},"2":{"start":{"line":16,"column":4},"end":{"line":18,"column":6}},"3":{"start":{"line":21,"column":4},"end":{"line":35,"column":7}},"4":{"start":{"line":42,"column":26},"end":{"line":42,"column":51}},"5":{"start":{"line":43,"column":16},"end":{"line":43,"column":31}},"6":{"start":{"line":45,"column":29},"end":{"line":45,"column":41}},"7":{"start":{"line":46,"column":24},"end":{"line":48,"column":5}},"8":{"start":{"line":47,"column":6},"end":{"line":47,"column":17}},"9":{"start":{"line":50,"column":4},"end":{"line":87,"column":5}},"10":{"start":{"line":58,"column":45},"end":{"line":58,"column":77}},"11":{"start":{"line":62,"column":28},"end":{"line":62,"column":77}}},"fnMap":{"0":{"name":"StandingOrder","decl":{"start":{"line":9,"column":9},"end":{"line":9,"column":22}},"loc":{"start":{"line":9,"column":30},"end":{"line":36,"column":1}},"line":9},"1":{"name":"(anonymous_1)","decl":{"start":{"line":16,"column":14},"end":{"line":16,"column":15}},"loc":{"start":{"line":16,"column":18},"end":{"line":18,"column":5}},"line":16},"2":{"name":"StandingOrderBody","decl":{"start":{"line":40,"column":9},"end":{"line":40,"column":26}},"loc":{"start":{"line":40,"column":34},"end":{"line":88,"column":1}},"line":40},"3":{"name":"(anonymous_3)","decl":{"start":{"line":46,"column":24},"end":{"line":46,"column":25}},"loc":{"start":{"line":46,"column":30},"end":{"line":48,"column":5}},"line":46},"4":{"name":"(anonymous_4)","decl":{"start":{"line":58,"column":34},"end":{"line":58,"column":35}},"loc":{"start":{"line":58,"column":45},"end":{"line":58,"column":77}},"line":58},"5":{"name":"(anonymous_5)","decl":{"start":{"line":61,"column":58},"end":{"line":61,"column":59}},"loc":{"start":{"line":62,"column":28},"end":{"line":62,"column":77}},"line":62}},"branchMap":{},"s":{"0":0,"1":0,"2":0,"3":0,"4":0,"5":0,"6":0,"7":0,"8":0,"9":0,"10":0,"11":0},"f":{"0":0,"1":0,"2":0,"3":0,"4":0,"5":0},"b":{},"_coverageSchema":"1a1c01bbd47fc00a2c39e90264f33305004495a9","hash":"243e0ff74118539e01012c698995216b086a3837"}
,"D:\\Work\\reactjs\\TrainingReactJS\\src\\Component\\Success\\AddedSuccess.js": {"path":"D:\\Work\\reactjs\\TrainingReactJS\\src\\Component\\Success\\AddedSuccess.js","statementMap":{"0":{"start":{"line":12,"column":28},"end":{"line":12,"column":42}},"1":{"start":{"line":13,"column":52},"end":{"line":13,"column":82}},"2":{"start":{"line":16,"column":4},"end":{"line":16,"column":24}},"3":{"start":{"line":17,"column":4},"end":{"line":17,"column":19}},"4":{"start":{"line":18,"column":4},"end":{"line":18,"column":67}},"5":{"start":{"line":21,"column":4},"end":{"line":31,"column":5}}},"fnMap":{"0":{"name":"AddedSuccess","decl":{"start":{"line":10,"column":9},"end":{"line":10,"column":21}},"loc":{"start":{"line":10,"column":30},"end":{"line":32,"column":1}},"line":10},"1":{"name":"doWork","decl":{"start":{"line":15,"column":9},"end":{"line":15,"column":15}},"loc":{"start":{"line":15,"column":17},"end":{"line":19,"column":1}},"line":15}},"branchMap":{},"s":{"0":0,"1":0,"2":0,"3":0,"4":0,"5":0},"f":{"0":0,"1":0},"b":{},"_coverageSchema":"1a1c01bbd47fc00a2c39e90264f33305004495a9","hash":"0d1529604b9fac8d1495ed770b156b75304fbcbb"}
,"D:\\Work\\reactjs\\TrainingReactJS\\src\\Component\\TransferMoney\\TransferMoney.js": {"path":"D:\\Work\\reactjs\\TrainingReactJS\\src\\Component\\TransferMoney\\TransferMoney.js","statementMap":{"0":{"start":{"line":15,"column":4},"end":{"line":17,"column":6}},"1":{"start":{"line":20,"column":4},"end":{"line":27,"column":6}},"2":{"start":{"line":37,"column":26},"end":{"line":37,"column":51}},"3":{"start":{"line":40,"column":29},"end":{"line":40,"column":41}},"4":{"start":{"line":41,"column":24},"end":{"line":43,"column":5}},"5":{"start":{"line":42,"column":6},"end":{"line":42,"column":17}},"6":{"start":{"line":46,"column":4},"end":{"line":96,"column":5}},"7":{"start":{"line":74,"column":41},"end":{"line":74,"column":73}},"8":{"start":{"line":78,"column":24},"end":{"line":78,"column":73}},"9":{"start":{"line":87,"column":24},"end":{"line":89,"column":32}},"10":{"start":{"line":88,"column":54},"end":{"line":88,"column":82}}},"fnMap":{"0":{"name":"TransferMoney","decl":{"start":{"line":12,"column":9},"end":{"line":12,"column":22}},"loc":{"start":{"line":12,"column":30},"end":{"line":28,"column":1}},"line":12},"1":{"name":"(anonymous_1)","decl":{"start":{"line":15,"column":14},"end":{"line":15,"column":15}},"loc":{"start":{"line":15,"column":18},"end":{"line":17,"column":5}},"line":15},"2":{"name":"TransferBody","decl":{"start":{"line":34,"column":9},"end":{"line":34,"column":21}},"loc":{"start":{"line":34,"column":29},"end":{"line":97,"column":1}},"line":34},"3":{"name":"(anonymous_3)","decl":{"start":{"line":41,"column":24},"end":{"line":41,"column":25}},"loc":{"start":{"line":41,"column":30},"end":{"line":43,"column":5}},"line":41},"4":{"name":"(anonymous_4)","decl":{"start":{"line":74,"column":30},"end":{"line":74,"column":31}},"loc":{"start":{"line":74,"column":41},"end":{"line":74,"column":73}},"line":74},"5":{"name":"(anonymous_5)","decl":{"start":{"line":77,"column":54},"end":{"line":77,"column":55}},"loc":{"start":{"line":78,"column":24},"end":{"line":78,"column":73}},"line":78},"6":{"name":"(anonymous_6)","decl":{"start":{"line":86,"column":54},"end":{"line":86,"column":55}},"loc":{"start":{"line":87,"column":24},"end":{"line":89,"column":32}},"line":87},"7":{"name":"(anonymous_7)","decl":{"start":{"line":88,"column":50},"end":{"line":88,"column":51}},"loc":{"start":{"line":88,"column":54},"end":{"line":88,"column":82}},"line":88}},"branchMap":{"0":{"loc":{"start":{"line":87,"column":24},"end":{"line":89,"column":32}},"type":"cond-expr","locations":[{"start":{"line":88,"column":28},"end":{"line":88,"column":84}},{"start":{"line":89,"column":28},"end":{"line":89,"column":32}}],"line":87}},"s":{"0":0,"1":0,"2":0,"3":0,"4":0,"5":0,"6":0,"7":0,"8":0,"9":0,"10":0},"f":{"0":0,"1":0,"2":0,"3":0,"4":0,"5":0,"6":0,"7":0},"b":{"0":[0,0]},"_coverageSchema":"1a1c01bbd47fc00a2c39e90264f33305004495a9","hash":"634c3d040cc10d93b21fa5f51ce7f54874f201be"}
,"D:\\Work\\reactjs\\TrainingReactJS\\src\\Component\\TransferMoney\\index.js": {"path":"D:\\Work\\reactjs\\TrainingReactJS\\src\\Component\\TransferMoney\\index.js","statementMap":{},"fnMap":{},"branchMap":{},"s":{},"f":{},"b":{}}
,"D:\\Work\\reactjs\\TrainingReactJS\\src\\Context\\AccountContext.js": {"path":"D:\\Work\\reactjs\\TrainingReactJS\\src\\Context\\AccountContext.js","statementMap":{"0":{"start":{"line":6,"column":23},"end":{"line":6,"column":44}},"1":{"start":{"line":9,"column":19},"end":{"line":34,"column":1}},"2":{"start":{"line":36,"column":14},"end":{"line":57,"column":1}},"3":{"start":{"line":38,"column":4},"end":{"line":56,"column":5}},"4":{"start":{"line":40,"column":12},"end":{"line":40,"column":32}},"5":{"start":{"line":42,"column":34},"end":{"line":42,"column":53}},"6":{"start":{"line":44,"column":12},"end":{"line":44,"column":47}},"7":{"start":{"line":45,"column":12},"end":{"line":45,"column":56}},"8":{"start":{"line":48,"column":27},"end":{"line":48,"column":46}},"9":{"start":{"line":49,"column":23},"end":{"line":49,"column":47}},"10":{"start":{"line":50,"column":24},"end":{"line":50,"column":52}},"11":{"start":{"line":50,"column":41},"end":{"line":50,"column":51}},"12":{"start":{"line":51,"column":12},"end":{"line":51,"column":61}},"13":{"start":{"line":53,"column":12},"end":{"line":55,"column":14}},"14":{"start":{"line":61,"column":28},"end":{"line":61,"column":69}},"15":{"start":{"line":62,"column":16},"end":{"line":62,"column":35}},"16":{"start":{"line":64,"column":4},"end":{"line":66,"column":6}},"17":{"start":{"line":70,"column":22},"end":{"line":70,"column":45}}},"fnMap":{"0":{"name":"(anonymous_0)","decl":{"start":{"line":36,"column":14},"end":{"line":36,"column":15}},"loc":{"start":{"line":36,"column":33},"end":{"line":57,"column":1}},"line":36},"1":{"name":"(anonymous_1)","decl":{"start":{"line":50,"column":36},"end":{"line":50,"column":37}},"loc":{"start":{"line":50,"column":41},"end":{"line":50,"column":51}},"line":50},"2":{"name":"AccountProvider","decl":{"start":{"line":59,"column":9},"end":{"line":59,"column":24}},"loc":{"start":{"line":59,"column":32},"end":{"line":68,"column":1}},"line":59}},"branchMap":{"0":{"loc":{"start":{"line":38,"column":4},"end":{"line":56,"column":5}},"type":"switch","locations":[{"start":{"line":39,"column":8},"end":{"line":40,"column":32}},{"start":{"line":41,"column":8},"end":{"line":45,"column":56}},{"start":{"line":47,"column":8},"end":{"line":55,"column":14}}],"line":38}},"s":{"0":0,"1":0,"2":0,"3":0,"4":0,"5":0,"6":0,"7":0,"8":0,"9":0,"10":0,"11":0,"12":0,"13":0,"14":0,"15":0,"16":0,"17":0},"f":{"0":0,"1":0,"2":0},"b":{"0":[0,0,0]}}
,"D:\\Work\\reactjs\\TrainingReactJS\\src\\Context\\GlobalContext.js": {"path":"D:\\Work\\reactjs\\TrainingReactJS\\src\\Context\\GlobalContext.js","statementMap":{"0":{"start":{"line":4,"column":22},"end":{"line":4,"column":60}},"1":{"start":{"line":7,"column":23},"end":{"line":7,"column":45}},"2":{"start":{"line":8,"column":23},"end":{"line":8,"column":45}}},"fnMap":{},"branchMap":{},"s":{"0":1,"1":1,"2":1},"f":{},"b":{},"_coverageSchema":"1a1c01bbd47fc00a2c39e90264f33305004495a9","hash":"7d870607c7205ea4f6c12c7e17c5dfe8c00e2501"}
,"D:\\Work\\reactjs\\TrainingReactJS\\src\\Context\\HeaderContext.js": {"path":"D:\\Work\\reactjs\\TrainingReactJS\\src\\Context\\HeaderContext.js","statementMap":{"0":{"start":{"line":4,"column":22},"end":{"line":4,"column":43}},"1":{"start":{"line":6,"column":19},"end":{"line":9,"column":1}},"2":{"start":{"line":11,"column":14},"end":{"line":23,"column":1}},"3":{"start":{"line":13,"column":4},"end":{"line":22,"column":5}},"4":{"start":{"line":15,"column":12},"end":{"line":15,"column":32}},"5":{"start":{"line":17,"column":12},"end":{"line":17,"column":56}},"6":{"start":{"line":19,"column":12},"end":{"line":19,"column":56}},"7":{"start":{"line":21,"column":12},"end":{"line":21,"column":55}},"8":{"start":{"line":27,"column":28},"end":{"line":27,"column":69}},"9":{"start":{"line":28,"column":16},"end":{"line":28,"column":35}},"10":{"start":{"line":30,"column":4},"end":{"line":32,"column":6}},"11":{"start":{"line":36,"column":21},"end":{"line":36,"column":43}}},"fnMap":{"0":{"name":"(anonymous_0)","decl":{"start":{"line":11,"column":14},"end":{"line":11,"column":15}},"loc":{"start":{"line":11,"column":33},"end":{"line":23,"column":1}},"line":11},"1":{"name":"HeaderProvider","decl":{"start":{"line":25,"column":9},"end":{"line":25,"column":23}},"loc":{"start":{"line":25,"column":31},"end":{"line":34,"column":1}},"line":25}},"branchMap":{"0":{"loc":{"start":{"line":13,"column":4},"end":{"line":22,"column":5}},"type":"switch","locations":[{"start":{"line":14,"column":8},"end":{"line":15,"column":32}},{"start":{"line":16,"column":8},"end":{"line":17,"column":56}},{"start":{"line":18,"column":8},"end":{"line":19,"column":56}},{"start":{"line":20,"column":8},"end":{"line":21,"column":55}}],"line":13}},"s":{"0":1,"1":1,"2":1,"3":0,"4":0,"5":0,"6":0,"7":0,"8":0,"9":0,"10":0,"11":1},"f":{"0":0,"1":0},"b":{"0":[0,0,0,0]},"_coverageSchema":"1a1c01bbd47fc00a2c39e90264f33305004495a9","hash":"574fd339d169301ac2a8919f88a1c8597d9bf61c"}
,"D:\\Work\\reactjs\\TrainingReactJS\\src\\Context\\TransactionContext.js": {"path":"D:\\Work\\reactjs\\TrainingReactJS\\src\\Context\\TransactionContext.js","statementMap":{"0":{"start":{"line":6,"column":27},"end":{"line":6,"column":48}},"1":{"start":{"line":8,"column":19},"end":{"line":81,"column":1}},"2":{"start":{"line":83,"column":14},"end":{"line":147,"column":1}},"3":{"start":{"line":85,"column":4},"end":{"line":146,"column":5}},"4":{"start":{"line":87,"column":12},"end":{"line":87,"column":32}},"5":{"start":{"line":89,"column":12},"end":{"line":89,"column":56}},"6":{"start":{"line":91,"column":12},"end":{"line":91,"column":60}},"7":{"start":{"line":93,"column":12},"end":{"line":93,"column":56}},"8":{"start":{"line":95,"column":12},"end":{"line":95,"column":58}},"9":{"start":{"line":97,"column":12},"end":{"line":97,"column":54}},"10":{"start":{"line":99,"column":37},"end":{"line":99,"column":60}},"11":{"start":{"line":100,"column":12},"end":{"line":100,"column":50}},"12":{"start":{"line":101,"column":12},"end":{"line":101,"column":63}},"13":{"start":{"line":104,"column":12},"end":{"line":106,"column":14}},"14":{"start":{"line":109,"column":24},"end":{"line":109,"column":43}},"15":{"start":{"line":110,"column":23},"end":{"line":110,"column":47}},"16":{"start":{"line":111,"column":24},"end":{"line":111,"column":49}},"17":{"start":{"line":111,"column":38},"end":{"line":111,"column":48}},"18":{"start":{"line":112,"column":12},"end":{"line":114,"column":13}},"19":{"start":{"line":113,"column":16},"end":{"line":113,"column":65}},"20":{"start":{"line":117,"column":12},"end":{"line":119,"column":14}},"21":{"start":{"line":122,"column":27},"end":{"line":122,"column":46}},"22":{"start":{"line":123,"column":12},"end":{"line":123,"column":40}},"23":{"start":{"line":125,"column":12},"end":{"line":127,"column":13}},"24":{"start":{"line":130,"column":12},"end":{"line":132,"column":13}},"25":{"start":{"line":140,"column":12},"end":{"line":142,"column":13}},"26":{"start":{"line":145,"column":12},"end":{"line":145,"column":65}},"27":{"start":{"line":151,"column":50},"end":{"line":151,"column":91}},"28":{"start":{"line":152,"column":16},"end":{"line":152,"column":57}},"29":{"start":{"line":154,"column":4},"end":{"line":156,"column":6}},"30":{"start":{"line":163,"column":27},"end":{"line":180,"column":1}},"31":{"start":{"line":169,"column":4},"end":{"line":178,"column":14}},"32":{"start":{"line":172,"column":31},"end":{"line":172,"column":39}},"33":{"start":{"line":173,"column":16},"end":{"line":173,"column":36}},"34":{"start":{"line":174,"column":16},"end":{"line":177,"column":18}},"35":{"start":{"line":182,"column":26},"end":{"line":186,"column":1}},"36":{"start":{"line":183,"column":4},"end":{"line":185,"column":36}},"37":{"start":{"line":185,"column":26},"end":{"line":185,"column":34}},"38":{"start":{"line":188,"column":26},"end":{"line":204,"column":1}},"39":{"start":{"line":189,"column":4},"end":{"line":203,"column":14}},"40":{"start":{"line":192,"column":16},"end":{"line":192,"column":33}},"41":{"start":{"line":198,"column":16},"end":{"line":201,"column":18}},"42":{"start":{"line":206,"column":29},"end":{"line":213,"column":1}},"43":{"start":{"line":207,"column":4},"end":{"line":212,"column":14}},"44":{"start":{"line":210,"column":16},"end":{"line":210,"column":33}},"45":{"start":{"line":211,"column":16},"end":{"line":211,"column":38}},"46":{"start":{"line":215,"column":26},"end":{"line":222,"column":1}},"47":{"start":{"line":216,"column":4},"end":{"line":221,"column":14}},"48":{"start":{"line":219,"column":16},"end":{"line":219,"column":33}},"49":{"start":{"line":220,"column":16},"end":{"line":220,"column":38}},"50":{"start":{"line":226,"column":31},"end":{"line":238,"column":1}},"51":{"start":{"line":227,"column":4},"end":{"line":236,"column":14}},"52":{"start":{"line":230,"column":31},"end":{"line":230,"column":39}},"53":{"start":{"line":231,"column":16},"end":{"line":231,"column":36}},"54":{"start":{"line":232,"column":16},"end":{"line":235,"column":18}},"55":{"start":{"line":240,"column":30},"end":{"line":246,"column":1}},"56":{"start":{"line":241,"column":4},"end":{"line":245,"column":14}},"57":{"start":{"line":244,"column":16},"end":{"line":244,"column":33}},"58":{"start":{"line":253,"column":26},"end":{"line":253,"column":53}}},"fnMap":{"0":{"name":"(anonymous_0)","decl":{"start":{"line":83,"column":14},"end":{"line":83,"column":15}},"loc":{"start":{"line":83,"column":33},"end":{"line":147,"column":1}},"line":83},"1":{"name":"(anonymous_1)","decl":{"start":{"line":111,"column":33},"end":{"line":111,"column":34}},"loc":{"start":{"line":111,"column":38},"end":{"line":111,"column":48}},"line":111},"2":{"name":"TransactionProvider","decl":{"start":{"line":149,"column":9},"end":{"line":149,"column":28}},"loc":{"start":{"line":149,"column":36},"end":{"line":158,"column":1}},"line":149},"3":{"name":"(anonymous_3)","decl":{"start":{"line":163,"column":27},"end":{"line":163,"column":28}},"loc":{"start":{"line":163,"column":45},"end":{"line":180,"column":1}},"line":163},"4":{"name":"(anonymous_4)","decl":{"start":{"line":171,"column":18},"end":{"line":171,"column":19}},"loc":{"start":{"line":171,"column":25},"end":{"line":178,"column":13}},"line":171},"5":{"name":"(anonymous_5)","decl":{"start":{"line":182,"column":26},"end":{"line":182,"column":27}},"loc":{"start":{"line":182,"column":52},"end":{"line":186,"column":1}},"line":182},"6":{"name":"(anonymous_6)","decl":{"start":{"line":185,"column":19},"end":{"line":185,"column":20}},"loc":{"start":{"line":185,"column":26},"end":{"line":185,"column":34}},"line":185},"7":{"name":"(anonymous_7)","decl":{"start":{"line":188,"column":26},"end":{"line":188,"column":27}},"loc":{"start":{"line":188,"column":57},"end":{"line":204,"column":1}},"line":188},"8":{"name":"(anonymous_8)","decl":{"start":{"line":191,"column":18},"end":{"line":191,"column":19}},"loc":{"start":{"line":191,"column":25},"end":{"line":203,"column":13}},"line":191},"9":{"name":"(anonymous_9)","decl":{"start":{"line":206,"column":29},"end":{"line":206,"column":30}},"loc":{"start":{"line":206,"column":54},"end":{"line":213,"column":1}},"line":206},"10":{"name":"(anonymous_10)","decl":{"start":{"line":209,"column":18},"end":{"line":209,"column":19}},"loc":{"start":{"line":209,"column":25},"end":{"line":212,"column":13}},"line":209},"11":{"name":"(anonymous_11)","decl":{"start":{"line":215,"column":26},"end":{"line":215,"column":27}},"loc":{"start":{"line":215,"column":57},"end":{"line":222,"column":1}},"line":215},"12":{"name":"(anonymous_12)","decl":{"start":{"line":218,"column":18},"end":{"line":218,"column":19}},"loc":{"start":{"line":218,"column":25},"end":{"line":221,"column":13}},"line":218},"13":{"name":"(anonymous_13)","decl":{"start":{"line":226,"column":31},"end":{"line":226,"column":32}},"loc":{"start":{"line":226,"column":49},"end":{"line":238,"column":1}},"line":226},"14":{"name":"(anonymous_14)","decl":{"start":{"line":229,"column":18},"end":{"line":229,"column":19}},"loc":{"start":{"line":229,"column":25},"end":{"line":236,"column":13}},"line":229},"15":{"name":"(anonymous_15)","decl":{"start":{"line":240,"column":30},"end":{"line":240,"column":31}},"loc":{"start":{"line":240,"column":65},"end":{"line":246,"column":1}},"line":240},"16":{"name":"(anonymous_16)","decl":{"start":{"line":243,"column":18},"end":{"line":243,"column":19}},"loc":{"start":{"line":243,"column":25},"end":{"line":245,"column":13}},"line":243}},"branchMap":{"0":{"loc":{"start":{"line":85,"column":4},"end":{"line":146,"column":5}},"type":"switch","locations":[{"start":{"line":86,"column":8},"end":{"line":87,"column":32}},{"start":{"line":88,"column":8},"end":{"line":89,"column":56}},{"start":{"line":90,"column":8},"end":{"line":91,"column":60}},{"start":{"line":92,"column":8},"end":{"line":93,"column":56}},{"start":{"line":94,"column":8},"end":{"line":95,"column":58}},{"start":{"line":96,"column":8},"end":{"line":97,"column":54}},{"start":{"line":98,"column":8},"end":{"line":101,"column":63}},{"start":{"line":103,"column":8},"end":{"line":106,"column":14}},{"start":{"line":108,"column":8},"end":{"line":119,"column":14}},{"start":{"line":121,"column":8},"end":{"line":127,"column":13}},{"start":{"line":129,"column":8},"end":{"line":132,"column":13}},{"start":{"line":139,"column":8},"end":{"line":142,"column":13}},{"start":{"line":144,"column":8},"end":{"line":145,"column":65}}],"line":85},"1":{"loc":{"start":{"line":112,"column":12},"end":{"line":114,"column":13}},"type":"if","locations":[{"start":{"line":112,"column":12},"end":{"line":114,"column":13}},{"start":{"line":112,"column":12},"end":{"line":114,"column":13}}],"line":112}},"s":{"0":1,"1":1,"2":1,"3":0,"4":0,"5":0,"6":0,"7":0,"8":0,"9":0,"10":0,"11":0,"12":0,"13":0,"14":0,"15":0,"16":0,"17":0,"18":0,"19":0,"20":0,"21":0,"22":0,"23":0,"24":0,"25":0,"26":0,"27":0,"28":0,"29":0,"30":1,"31":0,"32":0,"33":0,"34":0,"35":1,"36":0,"37":0,"38":1,"39":0,"40":0,"41":0,"42":1,"43":0,"44":0,"45":0,"46":1,"47":0,"48":0,"49":0,"50":1,"51":0,"52":0,"53":0,"54":0,"55":1,"56":0,"57":0,"58":1},"f":{"0":0,"1":0,"2":0,"3":0,"4":0,"5":0,"6":0,"7":0,"8":0,"9":0,"10":0,"11":0,"12":0,"13":0,"14":0,"15":0,"16":0},"b":{"0":[0,0,0,0,0,0,0,0,0,0,0,0,0],"1":[0,0]},"_coverageSchema":"1a1c01bbd47fc00a2c39e90264f33305004495a9","hash":"d2ac9cf28734867403432641ab681b089190fa6c"}
,"D:\\Work\\reactjs\\TrainingReactJS\\src\\Layout\\Home.js": {"path":"D:\\Work\\reactjs\\TrainingReactJS\\src\\Layout\\Home.js","statementMap":{"0":{"start":{"line":13,"column":4},"end":{"line":19,"column":6}},"1":{"start":{"line":29,"column":18},"end":{"line":29,"column":30}},"2":{"start":{"line":31,"column":4},"end":{"line":47,"column":7}},"3":{"start":{"line":36,"column":35},"end":{"line":36,"column":61}},"4":{"start":{"line":37,"column":35},"end":{"line":37,"column":65}},"5":{"start":{"line":38,"column":35},"end":{"line":38,"column":66}},"6":{"start":{"line":39,"column":35},"end":{"line":39,"column":64}},"7":{"start":{"line":40,"column":35},"end":{"line":40,"column":63}},"8":{"start":{"line":41,"column":35},"end":{"line":41,"column":64}},"9":{"start":{"line":42,"column":35},"end":{"line":42,"column":71}},"10":{"start":{"line":43,"column":35},"end":{"line":43,"column":73}}},"fnMap":{"0":{"name":"HomeComponent","decl":{"start":{"line":12,"column":9},"end":{"line":12,"column":22}},"loc":{"start":{"line":12,"column":30},"end":{"line":20,"column":1}},"line":12},"1":{"name":"Operations","decl":{"start":{"line":27,"column":16},"end":{"line":27,"column":26}},"loc":{"start":{"line":27,"column":29},"end":{"line":48,"column":1}},"line":27},"2":{"name":"(anonymous_2)","decl":{"start":{"line":36,"column":29},"end":{"line":36,"column":30}},"loc":{"start":{"line":36,"column":35},"end":{"line":36,"column":61}},"line":36},"3":{"name":"(anonymous_3)","decl":{"start":{"line":37,"column":29},"end":{"line":37,"column":30}},"loc":{"start":{"line":37,"column":35},"end":{"line":37,"column":65}},"line":37},"4":{"name":"(anonymous_4)","decl":{"start":{"line":38,"column":29},"end":{"line":38,"column":30}},"loc":{"start":{"line":38,"column":35},"end":{"line":38,"column":66}},"line":38},"5":{"name":"(anonymous_5)","decl":{"start":{"line":39,"column":29},"end":{"line":39,"column":30}},"loc":{"start":{"line":39,"column":35},"end":{"line":39,"column":64}},"line":39},"6":{"name":"(anonymous_6)","decl":{"start":{"line":40,"column":29},"end":{"line":40,"column":30}},"loc":{"start":{"line":40,"column":35},"end":{"line":40,"column":63}},"line":40},"7":{"name":"(anonymous_7)","decl":{"start":{"line":41,"column":29},"end":{"line":41,"column":30}},"loc":{"start":{"line":41,"column":35},"end":{"line":41,"column":64}},"line":41},"8":{"name":"(anonymous_8)","decl":{"start":{"line":42,"column":29},"end":{"line":42,"column":30}},"loc":{"start":{"line":42,"column":35},"end":{"line":42,"column":71}},"line":42},"9":{"name":"(anonymous_9)","decl":{"start":{"line":43,"column":29},"end":{"line":43,"column":30}},"loc":{"start":{"line":43,"column":35},"end":{"line":43,"column":73}},"line":43}},"branchMap":{},"s":{"0":3,"1":0,"2":0,"3":0,"4":0,"5":0,"6":0,"7":0,"8":0,"9":0,"10":0},"f":{"0":3,"1":0,"2":0,"3":0,"4":0,"5":0,"6":0,"7":0,"8":0,"9":0},"b":{},"_coverageSchema":"1a1c01bbd47fc00a2c39e90264f33305004495a9","hash":"52741430013d2c01fe46e589b07ae3a40c176a8e"}
,"D:\\Work\\reactjs\\TrainingReactJS\\src\\Layout\\MyApp.js": {"path":"D:\\Work\\reactjs\\TrainingReactJS\\src\\Layout\\MyApp.js","statementMap":{"0":{"start":{"line":39,"column":18},"end":{"line":61,"column":5}},"1":{"start":{"line":39,"column":41},"end":{"line":61,"column":3}},"2":{"start":{"line":63,"column":19},"end":{"line":110,"column":3}},"3":{"start":{"line":119,"column":4},"end":{"line":153,"column":6}},"4":{"start":{"line":161,"column":50},"end":{"line":161,"column":80}},"5":{"start":{"line":162,"column":18},"end":{"line":162,"column":30}},"6":{"start":{"line":163,"column":22},"end":{"line":163,"column":37}},"7":{"start":{"line":164,"column":24},"end":{"line":164,"column":35}},"8":{"start":{"line":166,"column":25},"end":{"line":168,"column":3}},"9":{"start":{"line":167,"column":4},"end":{"line":167,"column":43}},"10":{"start":{"line":170,"column":29},"end":{"line":172,"column":3}},"11":{"start":{"line":171,"column":4},"end":{"line":171,"column":46}},"12":{"start":{"line":175,"column":15},"end":{"line":179,"column":8}},"13":{"start":{"line":176,"column":6},"end":{"line":179,"column":8}},"14":{"start":{"line":183,"column":18},"end":{"line":222,"column":3}},"15":{"start":{"line":185,"column":25},"end":{"line":188,"column":6}},"16":{"start":{"line":185,"column":31},"end":{"line":188,"column":6}},"17":{"start":{"line":190,"column":28},"end":{"line":196,"column":6}},"18":{"start":{"line":190,"column":34},"end":{"line":196,"column":6}},"19":{"start":{"line":199,"column":4},"end":{"line":221,"column":5}},"20":{"start":{"line":208,"column":65},"end":{"line":208,"column":115}},"21":{"start":{"line":212,"column":10},"end":{"line":214,"column":16}},"22":{"start":{"line":224,"column":2},"end":{"line":268,"column":3}},"23":{"start":{"line":227,"column":28},"end":{"line":227,"column":58}},"24":{"start":{"line":229,"column":28},"end":{"line":229,"column":64}},"25":{"start":{"line":230,"column":28},"end":{"line":230,"column":60}},"26":{"start":{"line":231,"column":28},"end":{"line":231,"column":63}},"27":{"start":{"line":273,"column":25},"end":{"line":273,"column":36}},"28":{"start":{"line":274,"column":50},"end":{"line":274,"column":80}},"29":{"start":{"line":276,"column":32},"end":{"line":276,"column":46}},"30":{"start":{"line":277,"column":17},"end":{"line":277,"column":21}},"31":{"start":{"line":279,"column":2},"end":{"line":285,"column":3}},"32":{"start":{"line":281,"column":6},"end":{"line":281,"column":66}},"33":{"start":{"line":282,"column":6},"end":{"line":282,"column":26}},"34":{"start":{"line":289,"column":25},"end":{"line":303,"column":3}},"35":{"start":{"line":291,"column":29},"end":{"line":291,"column":49}},"36":{"start":{"line":293,"column":4},"end":{"line":295,"column":7}},"37":{"start":{"line":297,"column":4},"end":{"line":302,"column":6}},"38":{"start":{"line":305,"column":29},"end":{"line":311,"column":3}},"39":{"start":{"line":306,"column":4},"end":{"line":310,"column":7}},"40":{"start":{"line":313,"column":18},"end":{"line":313,"column":35}},"41":{"start":{"line":315,"column":21},"end":{"line":315,"column":27}},"42":{"start":{"line":317,"column":17},"end":{"line":320,"column":3}},"43":{"start":{"line":318,"column":4},"end":{"line":318,"column":27}},"44":{"start":{"line":319,"column":4},"end":{"line":319,"column":31}},"45":{"start":{"line":322,"column":16},"end":{"line":324,"column":3}},"46":{"start":{"line":323,"column":4},"end":{"line":323,"column":34}},"47":{"start":{"line":326,"column":17},"end":{"line":333,"column":3}},"48":{"start":{"line":334,"column":21},"end":{"line":339,"column":3}},"49":{"start":{"line":341,"column":2},"end":{"line":399,"column":3}},"50":{"start":{"line":406,"column":29},"end":{"line":433,"column":1}},"51":{"start":{"line":409,"column":2},"end":{"line":432,"column":3}},"52":{"start":{"line":422,"column":10},"end":{"line":427,"column":15}},"53":{"start":{"line":434,"column":32},"end":{"line":508,"column":1}},"54":{"start":{"line":436,"column":50},"end":{"line":436,"column":80}},"55":{"start":{"line":438,"column":18},"end":{"line":438,"column":30}},"56":{"start":{"line":439,"column":22},"end":{"line":439,"column":37}},"57":{"start":{"line":440,"column":24},"end":{"line":440,"column":35}},"58":{"start":{"line":444,"column":2},"end":{"line":449,"column":3}},"59":{"start":{"line":446,"column":6},"end":{"line":446,"column":45}},"60":{"start":{"line":452,"column":2},"end":{"line":507,"column":3}},"61":{"start":{"line":467,"column":10},"end":{"line":502,"column":15}},"62":{"start":{"line":468,"column":30},"end":{"line":468,"column":70}},"63":{"start":{"line":469,"column":30},"end":{"line":469,"column":92}},"64":{"start":{"line":489,"column":20},"end":{"line":494,"column":25}},"65":{"start":{"line":515,"column":50},"end":{"line":515,"column":80}},"66":{"start":{"line":517,"column":30},"end":{"line":517,"column":44}},"67":{"start":{"line":520,"column":25},"end":{"line":524,"column":3}},"68":{"start":{"line":521,"column":4},"end":{"line":523,"column":7}},"69":{"start":{"line":526,"column":18},"end":{"line":526,"column":35}},"70":{"start":{"line":529,"column":21},"end":{"line":529,"column":27}},"71":{"start":{"line":532,"column":19},"end":{"line":535,"column":6}},"72":{"start":{"line":532,"column":31},"end":{"line":535,"column":6}},"73":{"start":{"line":537,"column":21},"end":{"line":540,"column":6}},"74":{"start":{"line":537,"column":33},"end":{"line":540,"column":6}},"75":{"start":{"line":542,"column":17},"end":{"line":547,"column":3}},"76":{"start":{"line":545,"column":4},"end":{"line":545,"column":23}},"77":{"start":{"line":546,"column":4},"end":{"line":546,"column":27}},"78":{"start":{"line":548,"column":16},"end":{"line":550,"column":3}},"79":{"start":{"line":549,"column":4},"end":{"line":549,"column":34}},"80":{"start":{"line":552,"column":17},"end":{"line":559,"column":3}},"81":{"start":{"line":560,"column":21},"end":{"line":565,"column":3}},"82":{"start":{"line":566,"column":30},"end":{"line":568,"column":3}},"83":{"start":{"line":570,"column":2},"end":{"line":627,"column":3}},"84":{"start":{"line":634,"column":20},"end":{"line":634,"column":31}},"85":{"start":{"line":636,"column":4},"end":{"line":650,"column":5}},"86":{"start":{"line":654,"column":15},"end":{"line":677,"column":1}},"87":{"start":{"line":656,"column":20},"end":{"line":656,"column":31}},"88":{"start":{"line":657,"column":20},"end":{"line":657,"column":32}},"89":{"start":{"line":658,"column":24},"end":{"line":658,"column":39}},"90":{"start":{"line":660,"column":4},"end":{"line":676,"column":5}},"91":{"start":{"line":670,"column":52},"end":{"line":670,"column":84}},"92":{"start":{"line":671,"column":52},"end":{"line":671,"column":80}},"93":{"start":{"line":679,"column":16},"end":{"line":701,"column":1}},"94":{"start":{"line":681,"column":18},"end":{"line":681,"column":30}},"95":{"start":{"line":682,"column":22},"end":{"line":682,"column":37}},"96":{"start":{"line":684,"column":2},"end":{"line":699,"column":3}},"97":{"start":{"line":703,"column":17},"end":{"line":731,"column":1}},"98":{"start":{"line":705,"column":20},"end":{"line":705,"column":31}},"99":{"start":{"line":707,"column":4},"end":{"line":730,"column":5}},"100":{"start":{"line":716,"column":20},"end":{"line":725,"column":37}},"101":{"start":{"line":736,"column":36},"end":{"line":736,"column":49}},"102":{"start":{"line":737,"column":36},"end":{"line":737,"column":49}},"103":{"start":{"line":739,"column":40},"end":{"line":739,"column":55}},"104":{"start":{"line":741,"column":28},"end":{"line":741,"column":43}},"105":{"start":{"line":743,"column":33},"end":{"line":798,"column":7}},"106":{"start":{"line":744,"column":23},"end":{"line":744,"column":37}},"107":{"start":{"line":745,"column":8},"end":{"line":797,"column":10}},"108":{"start":{"line":753,"column":14},"end":{"line":761,"column":19}},"109":{"start":{"line":756,"column":18},"end":{"line":756,"column":37}},"110":{"start":{"line":757,"column":18},"end":{"line":757,"column":35}},"111":{"start":{"line":760,"column":18},"end":{"line":760,"column":56}},"112":{"start":{"line":801,"column":21},"end":{"line":813,"column":5}},"113":{"start":{"line":804,"column":8},"end":{"line":812,"column":9}},"114":{"start":{"line":805,"column":34},"end":{"line":805,"column":48}},"115":{"start":{"line":815,"column":28},"end":{"line":857,"column":7}},"116":{"start":{"line":816,"column":38},"end":{"line":816,"column":53}},"117":{"start":{"line":818,"column":25},"end":{"line":836,"column":9}},"118":{"start":{"line":819,"column":10},"end":{"line":819,"column":59}},"119":{"start":{"line":825,"column":8},"end":{"line":832,"column":9}},"120":{"start":{"line":826,"column":12},"end":{"line":826,"column":41}},"121":{"start":{"line":827,"column":12},"end":{"line":827,"column":32}},"122":{"start":{"line":830,"column":12},"end":{"line":830,"column":26}},"123":{"start":{"line":835,"column":12},"end":{"line":835,"column":30}},"124":{"start":{"line":838,"column":8},"end":{"line":856,"column":10}},"125":{"start":{"line":843,"column":16},"end":{"line":843,"column":33}},"126":{"start":{"line":852,"column":16},"end":{"line":852,"column":34}},"127":{"start":{"line":859,"column":17},"end":{"line":871,"column":1}},"128":{"start":{"line":860,"column":4},"end":{"line":870,"column":5}},"129":{"start":{"line":865,"column":29},"end":{"line":865,"column":49}},"130":{"start":{"line":874,"column":4},"end":{"line":884,"column":10}},"131":{"start":{"line":887,"column":18},"end":{"line":893,"column":1}},"132":{"start":{"line":888,"column":4},"end":{"line":892,"column":5}},"133":{"start":{"line":894,"column":19},"end":{"line":900,"column":1}},"134":{"start":{"line":895,"column":4},"end":{"line":899,"column":5}}},"fnMap":{"0":{"name":"(anonymous_0)","decl":{"start":{"line":39,"column":29},"end":{"line":39,"column":30}},"loc":{"start":{"line":39,"column":41},"end":{"line":61,"column":3}},"line":39},"1":{"name":"MyAppComponent","decl":{"start":{"line":115,"column":9},"end":{"line":115,"column":23}},"loc":{"start":{"line":115,"column":31},"end":{"line":154,"column":1}},"line":115},"2":{"name":"TransactionCheck","decl":{"start":{"line":158,"column":9},"end":{"line":158,"column":25}},"loc":{"start":{"line":158,"column":33},"end":{"line":269,"column":1}},"line":158},"3":{"name":"(anonymous_3)","decl":{"start":{"line":166,"column":25},"end":{"line":166,"column":26}},"loc":{"start":{"line":166,"column":36},"end":{"line":168,"column":3}},"line":166},"4":{"name":"(anonymous_4)","decl":{"start":{"line":170,"column":29},"end":{"line":170,"column":30}},"loc":{"start":{"line":170,"column":41},"end":{"line":172,"column":3}},"line":170},"5":{"name":"(anonymous_5)","decl":{"start":{"line":175,"column":15},"end":{"line":175,"column":16}},"loc":{"start":{"line":176,"column":6},"end":{"line":179,"column":8}},"line":176},"6":{"name":"(anonymous_6)","decl":{"start":{"line":183,"column":18},"end":{"line":183,"column":19}},"loc":{"start":{"line":183,"column":24},"end":{"line":222,"column":3}},"line":183},"7":{"name":"(anonymous_7)","decl":{"start":{"line":185,"column":25},"end":{"line":185,"column":26}},"loc":{"start":{"line":185,"column":31},"end":{"line":188,"column":6}},"line":185},"8":{"name":"(anonymous_8)","decl":{"start":{"line":190,"column":28},"end":{"line":190,"column":29}},"loc":{"start":{"line":190,"column":34},"end":{"line":196,"column":6}},"line":190},"9":{"name":"(anonymous_9)","decl":{"start":{"line":208,"column":62},"end":{"line":208,"column":63}},"loc":{"start":{"line":208,"column":65},"end":{"line":208,"column":115}},"line":208},"10":{"name":"(anonymous_10)","decl":{"start":{"line":211,"column":45},"end":{"line":211,"column":46}},"loc":{"start":{"line":212,"column":10},"end":{"line":214,"column":16}},"line":212},"11":{"name":"(anonymous_11)","decl":{"start":{"line":227,"column":23},"end":{"line":227,"column":24}},"loc":{"start":{"line":227,"column":27},"end":{"line":227,"column":59}},"line":227},"12":{"name":"(anonymous_12)","decl":{"start":{"line":229,"column":23},"end":{"line":229,"column":24}},"loc":{"start":{"line":229,"column":27},"end":{"line":229,"column":65}},"line":229},"13":{"name":"(anonymous_13)","decl":{"start":{"line":230,"column":23},"end":{"line":230,"column":24}},"loc":{"start":{"line":230,"column":27},"end":{"line":230,"column":61}},"line":230},"14":{"name":"(anonymous_14)","decl":{"start":{"line":231,"column":23},"end":{"line":231,"column":24}},"loc":{"start":{"line":231,"column":27},"end":{"line":231,"column":64}},"line":231},"15":{"name":"SingleAccount","decl":{"start":{"line":271,"column":9},"end":{"line":271,"column":22}},"loc":{"start":{"line":271,"column":30},"end":{"line":401,"column":1}},"line":271},"16":{"name":"(anonymous_16)","decl":{"start":{"line":280,"column":4},"end":{"line":280,"column":5}},"loc":{"start":{"line":280,"column":15},"end":{"line":283,"column":5}},"line":280},"17":{"name":"(anonymous_17)","decl":{"start":{"line":289,"column":25},"end":{"line":289,"column":26}},"loc":{"start":{"line":289,"column":42},"end":{"line":303,"column":3}},"line":289},"18":{"name":"(anonymous_18)","decl":{"start":{"line":305,"column":29},"end":{"line":305,"column":30}},"loc":{"start":{"line":305,"column":47},"end":{"line":311,"column":3}},"line":305},"19":{"name":"(anonymous_19)","decl":{"start":{"line":317,"column":17},"end":{"line":317,"column":18}},"loc":{"start":{"line":317,"column":27},"end":{"line":320,"column":3}},"line":317},"20":{"name":"(anonymous_20)","decl":{"start":{"line":322,"column":16},"end":{"line":322,"column":17}},"loc":{"start":{"line":322,"column":22},"end":{"line":324,"column":3}},"line":322},"21":{"name":"(anonymous_21)","decl":{"start":{"line":406,"column":29},"end":{"line":406,"column":30}},"loc":{"start":{"line":406,"column":40},"end":{"line":433,"column":1}},"line":406},"22":{"name":"(anonymous_22)","decl":{"start":{"line":421,"column":23},"end":{"line":421,"column":24}},"loc":{"start":{"line":422,"column":10},"end":{"line":427,"column":15}},"line":422},"23":{"name":"(anonymous_23)","decl":{"start":{"line":434,"column":32},"end":{"line":434,"column":33}},"loc":{"start":{"line":434,"column":43},"end":{"line":508,"column":1}},"line":434},"24":{"name":"(anonymous_24)","decl":{"start":{"line":445,"column":4},"end":{"line":445,"column":5}},"loc":{"start":{"line":445,"column":15},"end":{"line":447,"column":5}},"line":445},"25":{"name":"(anonymous_25)","decl":{"start":{"line":466,"column":38},"end":{"line":466,"column":39}},"loc":{"start":{"line":467,"column":10},"end":{"line":502,"column":15}},"line":467},"26":{"name":"(anonymous_26)","decl":{"start":{"line":468,"column":25},"end":{"line":468,"column":26}},"loc":{"start":{"line":468,"column":29},"end":{"line":468,"column":71}},"line":468},"27":{"name":"(anonymous_27)","decl":{"start":{"line":469,"column":25},"end":{"line":469,"column":26}},"loc":{"start":{"line":469,"column":29},"end":{"line":469,"column":93}},"line":469},"28":{"name":"(anonymous_28)","decl":{"start":{"line":488,"column":37},"end":{"line":488,"column":38}},"loc":{"start":{"line":489,"column":20},"end":{"line":494,"column":25}},"line":489},"29":{"name":"AddNewUser","decl":{"start":{"line":513,"column":9},"end":{"line":513,"column":19}},"loc":{"start":{"line":513,"column":28},"end":{"line":629,"column":1}},"line":513},"30":{"name":"(anonymous_30)","decl":{"start":{"line":520,"column":25},"end":{"line":520,"column":26}},"loc":{"start":{"line":520,"column":43},"end":{"line":524,"column":3}},"line":520},"31":{"name":"(anonymous_31)","decl":{"start":{"line":532,"column":19},"end":{"line":532,"column":20}},"loc":{"start":{"line":532,"column":31},"end":{"line":535,"column":6}},"line":532},"32":{"name":"(anonymous_32)","decl":{"start":{"line":537,"column":21},"end":{"line":537,"column":22}},"loc":{"start":{"line":537,"column":33},"end":{"line":540,"column":6}},"line":537},"33":{"name":"(anonymous_33)","decl":{"start":{"line":542,"column":17},"end":{"line":542,"column":18}},"loc":{"start":{"line":542,"column":27},"end":{"line":547,"column":3}},"line":542},"34":{"name":"(anonymous_34)","decl":{"start":{"line":548,"column":16},"end":{"line":548,"column":17}},"loc":{"start":{"line":548,"column":22},"end":{"line":550,"column":3}},"line":548},"35":{"name":"(anonymous_35)","decl":{"start":{"line":566,"column":30},"end":{"line":566,"column":31}},"loc":{"start":{"line":566,"column":41},"end":{"line":568,"column":3}},"line":566},"36":{"name":"MyAppBody","decl":{"start":{"line":632,"column":9},"end":{"line":632,"column":18}},"loc":{"start":{"line":632,"column":27},"end":{"line":651,"column":1}},"line":632},"37":{"name":"(anonymous_37)","decl":{"start":{"line":654,"column":15},"end":{"line":654,"column":16}},"loc":{"start":{"line":654,"column":21},"end":{"line":677,"column":1}},"line":654},"38":{"name":"(anonymous_38)","decl":{"start":{"line":670,"column":47},"end":{"line":670,"column":48}},"loc":{"start":{"line":670,"column":51},"end":{"line":670,"column":85}},"line":670},"39":{"name":"(anonymous_39)","decl":{"start":{"line":671,"column":47},"end":{"line":671,"column":48}},"loc":{"start":{"line":671,"column":51},"end":{"line":671,"column":81}},"line":671},"40":{"name":"(anonymous_40)","decl":{"start":{"line":679,"column":16},"end":{"line":679,"column":17}},"loc":{"start":{"line":679,"column":22},"end":{"line":701,"column":1}},"line":679},"41":{"name":"(anonymous_41)","decl":{"start":{"line":703,"column":17},"end":{"line":703,"column":18}},"loc":{"start":{"line":703,"column":23},"end":{"line":731,"column":1}},"line":703},"42":{"name":"(anonymous_42)","decl":{"start":{"line":715,"column":30},"end":{"line":715,"column":31}},"loc":{"start":{"line":716,"column":20},"end":{"line":725,"column":37}},"line":716},"43":{"name":"Login","decl":{"start":{"line":734,"column":9},"end":{"line":734,"column":14}},"loc":{"start":{"line":734,"column":22},"end":{"line":885,"column":1}},"line":734},"44":{"name":"(anonymous_44)","decl":{"start":{"line":743,"column":33},"end":{"line":743,"column":34}},"loc":{"start":{"line":743,"column":70},"end":{"line":798,"column":7}},"line":743},"45":{"name":"(anonymous_45)","decl":{"start":{"line":752,"column":18},"end":{"line":752,"column":19}},"loc":{"start":{"line":752,"column":24},"end":{"line":762,"column":13}},"line":752},"46":{"name":"(anonymous_46)","decl":{"start":{"line":755,"column":22},"end":{"line":755,"column":23}},"loc":{"start":{"line":755,"column":34},"end":{"line":758,"column":17}},"line":755},"47":{"name":"(anonymous_47)","decl":{"start":{"line":759,"column":23},"end":{"line":759,"column":24}},"loc":{"start":{"line":759,"column":33},"end":{"line":761,"column":17}},"line":759},"48":{"name":"(anonymous_48)","decl":{"start":{"line":801,"column":21},"end":{"line":801,"column":22}},"loc":{"start":{"line":801,"column":27},"end":{"line":813,"column":5}},"line":801},"49":{"name":"(anonymous_49)","decl":{"start":{"line":805,"column":28},"end":{"line":805,"column":29}},"loc":{"start":{"line":805,"column":34},"end":{"line":805,"column":48}},"line":805},"50":{"name":"(anonymous_50)","decl":{"start":{"line":815,"column":28},"end":{"line":815,"column":29}},"loc":{"start":{"line":815,"column":34},"end":{"line":857,"column":7}},"line":815},"51":{"name":"(anonymous_51)","decl":{"start":{"line":818,"column":25},"end":{"line":818,"column":26}},"loc":{"start":{"line":818,"column":37},"end":{"line":836,"column":9}},"line":818},"52":{"name":"(anonymous_52)","decl":{"start":{"line":842,"column":23},"end":{"line":842,"column":24}},"loc":{"start":{"line":842,"column":29},"end":{"line":844,"column":15}},"line":842},"53":{"name":"(anonymous_53)","decl":{"start":{"line":851,"column":24},"end":{"line":851,"column":25}},"loc":{"start":{"line":851,"column":30},"end":{"line":853,"column":15}},"line":851},"54":{"name":"(anonymous_54)","decl":{"start":{"line":859,"column":17},"end":{"line":859,"column":18}},"loc":{"start":{"line":859,"column":23},"end":{"line":871,"column":1}},"line":859},"55":{"name":"(anonymous_55)","decl":{"start":{"line":865,"column":23},"end":{"line":865,"column":24}},"loc":{"start":{"line":865,"column":29},"end":{"line":865,"column":49}},"line":865},"56":{"name":"(anonymous_56)","decl":{"start":{"line":887,"column":18},"end":{"line":887,"column":19}},"loc":{"start":{"line":887,"column":24},"end":{"line":893,"column":1}},"line":887},"57":{"name":"(anonymous_57)","decl":{"start":{"line":894,"column":19},"end":{"line":894,"column":20}},"loc":{"start":{"line":894,"column":25},"end":{"line":900,"column":1}},"line":894}},"branchMap":{"0":{"loc":{"start":{"line":207,"column":30},"end":{"line":207,"column":102}},"type":"cond-expr","locations":[{"start":{"line":207,"column":66},"end":{"line":207,"column":98}},{"start":{"line":207,"column":101},"end":{"line":207,"column":102}}],"line":207},"1":{"loc":{"start":{"line":208,"column":65},"end":{"line":208,"column":115}},"type":"cond-expr","locations":[{"start":{"line":208,"column":90},"end":{"line":208,"column":111}},{"start":{"line":208,"column":114},"end":{"line":208,"column":115}}],"line":208},"2":{"loc":{"start":{"line":344,"column":8},"end":{"line":344,"column":81}},"type":"cond-expr","locations":[{"start":{"line":344,"column":26},"end":{"line":344,"column":74}},{"start":{"line":344,"column":77},"end":{"line":344,"column":81}}],"line":344},"3":{"loc":{"start":{"line":346,"column":8},"end":{"line":397,"column":10}},"type":"cond-expr","locations":[{"start":{"line":347,"column":6},"end":{"line":396,"column":12}},{"start":{"line":397,"column":6},"end":{"line":397,"column":10}}],"line":346},"4":{"loc":{"start":{"line":486,"column":16},"end":{"line":497,"column":24}},"type":"cond-expr","locations":[{"start":{"line":488,"column":18},"end":{"line":495,"column":21}},{"start":{"line":497,"column":20},"end":{"line":497,"column":24}}],"line":486},"5":{"loc":{"start":{"line":625,"column":11},"end":{"line":625,"column":99}},"type":"cond-expr","locations":[{"start":{"line":625,"column":54},"end":{"line":625,"column":92}},{"start":{"line":625,"column":95},"end":{"line":625,"column":99}}],"line":625},"6":{"loc":{"start":{"line":717,"column":21},"end":{"line":717,"column":99}},"type":"binary-expr","locations":[{"start":{"line":717,"column":21},"end":{"line":717,"column":29}},{"start":{"line":717,"column":33},"end":{"line":717,"column":99}}],"line":717},"7":{"loc":{"start":{"line":718,"column":21},"end":{"line":718,"column":103}},"type":"binary-expr","locations":[{"start":{"line":718,"column":21},"end":{"line":718,"column":29}},{"start":{"line":718,"column":33},"end":{"line":718,"column":103}}],"line":718},"8":{"loc":{"start":{"line":825,"column":8},"end":{"line":832,"column":9}},"type":"if","locations":[{"start":{"line":825,"column":8},"end":{"line":832,"column":9}},{"start":{"line":825,"column":8},"end":{"line":832,"column":9}}],"line":825},"9":{"loc":{"start":{"line":825,"column":11},"end":{"line":825,"column":71}},"type":"binary-expr","locations":[{"start":{"line":825,"column":11},"end":{"line":825,"column":39}},{"start":{"line":825,"column":43},"end":{"line":825,"column":71}}],"line":825},"10":{"loc":{"start":{"line":878,"column":21},"end":{"line":878,"column":91}},"type":"cond-expr","locations":[{"start":{"line":878,"column":34},"end":{"line":878,"column":69}},{"start":{"line":878,"column":72},"end":{"line":878,"column":91}}],"line":878}},"s":{"0":1,"1":0,"2":1,"3":0,"4":0,"5":0,"6":0,"7":0,"8":0,"9":0,"10":0,"11":0,"12":0,"13":0,"14":0,"15":0,"16":0,"17":0,"18":0,"19":0,"20":0,"21":0,"22":0,"23":0,"24":0,"25":0,"26":0,"27":0,"28":0,"29":0,"30":0,"31":0,"32":0,"33":0,"34":0,"35":0,"36":0,"37":0,"38":0,"39":0,"40":0,"41":0,"42":0,"43":0,"44":0,"45":0,"46":0,"47":0,"48":0,"49":0,"50":1,"51":0,"52":0,"53":1,"54":0,"55":0,"56":0,"57":0,"58":0,"59":0,"60":0,"61":0,"62":0,"63":0,"64":0,"65":0,"66":0,"67":0,"68":0,"69":0,"70":0,"71":0,"72":0,"73":0,"74":0,"75":0,"76":0,"77":0,"78":0,"79":0,"80":0,"81":0,"82":0,"83":0,"84":0,"85":0,"86":1,"87":0,"88":0,"89":0,"90":0,"91":0,"92":0,"93":1,"94":0,"95":0,"96":0,"97":1,"98":0,"99":0,"100":0,"101":0,"102":0,"103":0,"104":0,"105":0,"106":0,"107":0,"108":0,"109":0,"110":0,"111":0,"112":0,"113":0,"114":0,"115":0,"116":0,"117":0,"118":0,"119":0,"120":0,"121":0,"122":0,"123":0,"124":0,"125":0,"126":0,"127":0,"128":0,"129":0,"130":0,"131":1,"132":0,"133":1,"134":0},"f":{"0":0,"1":0,"2":0,"3":0,"4":0,"5":0,"6":0,"7":0,"8":0,"9":0,"10":0,"11":0,"12":0,"13":0,"14":0,"15":0,"16":0,"17":0,"18":0,"19":0,"20":0,"21":0,"22":0,"23":0,"24":0,"25":0,"26":0,"27":0,"28":0,"29":0,"30":0,"31":0,"32":0,"33":0,"34":0,"35":0,"36":0,"37":0,"38":0,"39":0,"40":0,"41":0,"42":0,"43":0,"44":0,"45":0,"46":0,"47":0,"48":0,"49":0,"50":0,"51":0,"52":0,"53":0,"54":0,"55":0,"56":0,"57":0},"b":{"0":[0,0],"1":[0,0],"2":[0,0],"3":[0,0],"4":[0,0],"5":[0,0],"6":[0,0],"7":[0,0],"8":[0,0],"9":[0,0],"10":[0,0]},"_coverageSchema":"1a1c01bbd47fc00a2c39e90264f33305004495a9","hash":"d9143ebb44b53f8650708aece04f1666c13aad6c"}
,"D:\\Work\\reactjs\\TrainingReactJS\\src\\Layout\\MyAppLayout.js": {"path":"D:\\Work\\reactjs\\TrainingReactJS\\src\\Layout\\MyAppLayout.js","statementMap":{"0":{"start":{"line":10,"column":43},"end":{"line":10,"column":49}},"1":{"start":{"line":11,"column":20},"end":{"line":11,"column":24}},"2":{"start":{"line":13,"column":23},"end":{"line":15,"column":1}},"3":{"start":{"line":17,"column":16},"end":{"line":19,"column":1}},"4":{"start":{"line":23,"column":20},"end":{"line":23,"column":32}},"5":{"start":{"line":24,"column":24},"end":{"line":24,"column":39}},"6":{"start":{"line":26,"column":37},"end":{"line":26,"column":52}},"7":{"start":{"line":27,"column":21},"end":{"line":30,"column":5}},"8":{"start":{"line":28,"column":8},"end":{"line":28,"column":31}},"9":{"start":{"line":29,"column":8},"end":{"line":29,"column":32}},"10":{"start":{"line":31,"column":29},"end":{"line":31,"column":45}},"11":{"start":{"line":32,"column":22},"end":{"line":34,"column":3}},"12":{"start":{"line":33,"column":8},"end":{"line":33,"column":53}},"13":{"start":{"line":36,"column":33},"end":{"line":36,"column":45}},"14":{"start":{"line":37,"column":2},"end":{"line":39,"column":4}},"15":{"start":{"line":38,"column":9},"end":{"line":38,"column":47}},"16":{"start":{"line":41,"column":4},"end":{"line":194,"column":5}},"17":{"start":{"line":50,"column":80},"end":{"line":50,"column":110}},"18":{"start":{"line":56,"column":80},"end":{"line":56,"column":110}},"19":{"start":{"line":60,"column":57},"end":{"line":60,"column":88}},"20":{"start":{"line":61,"column":57},"end":{"line":61,"column":89}},"21":{"start":{"line":62,"column":57},"end":{"line":62,"column":89}},"22":{"start":{"line":65,"column":57},"end":{"line":65,"column":90}},"23":{"start":{"line":66,"column":57},"end":{"line":66,"column":90}},"24":{"start":{"line":68,"column":77},"end":{"line":68,"column":105}},"25":{"start":{"line":86,"column":61},"end":{"line":86,"column":92}}},"fnMap":{"0":{"name":"MyAppLayout","decl":{"start":{"line":21,"column":9},"end":{"line":21,"column":20}},"loc":{"start":{"line":21,"column":22},"end":{"line":195,"column":1}},"line":21},"1":{"name":"(anonymous_1)","decl":{"start":{"line":27,"column":21},"end":{"line":27,"column":22}},"loc":{"start":{"line":27,"column":34},"end":{"line":30,"column":5}},"line":27},"2":{"name":"(anonymous_2)","decl":{"start":{"line":32,"column":22},"end":{"line":32,"column":23}},"loc":{"start":{"line":32,"column":31},"end":{"line":34,"column":3}},"line":32},"3":{"name":"(anonymous_3)","decl":{"start":{"line":38,"column":4},"end":{"line":38,"column":5}},"loc":{"start":{"line":38,"column":8},"end":{"line":38,"column":48}},"line":38},"4":{"name":"(anonymous_4)","decl":{"start":{"line":50,"column":75},"end":{"line":50,"column":76}},"loc":{"start":{"line":50,"column":79},"end":{"line":50,"column":111}},"line":50},"5":{"name":"(anonymous_5)","decl":{"start":{"line":56,"column":75},"end":{"line":56,"column":76}},"loc":{"start":{"line":56,"column":79},"end":{"line":56,"column":111}},"line":56},"6":{"name":"(anonymous_6)","decl":{"start":{"line":60,"column":52},"end":{"line":60,"column":53}},"loc":{"start":{"line":60,"column":56},"end":{"line":60,"column":89}},"line":60},"7":{"name":"(anonymous_7)","decl":{"start":{"line":61,"column":52},"end":{"line":61,"column":53}},"loc":{"start":{"line":61,"column":56},"end":{"line":61,"column":90}},"line":61},"8":{"name":"(anonymous_8)","decl":{"start":{"line":62,"column":52},"end":{"line":62,"column":53}},"loc":{"start":{"line":62,"column":56},"end":{"line":62,"column":90}},"line":62},"9":{"name":"(anonymous_9)","decl":{"start":{"line":65,"column":52},"end":{"line":65,"column":53}},"loc":{"start":{"line":65,"column":56},"end":{"line":65,"column":91}},"line":65},"10":{"name":"(anonymous_10)","decl":{"start":{"line":66,"column":52},"end":{"line":66,"column":53}},"loc":{"start":{"line":66,"column":56},"end":{"line":66,"column":91}},"line":66},"11":{"name":"(anonymous_11)","decl":{"start":{"line":68,"column":72},"end":{"line":68,"column":73}},"loc":{"start":{"line":68,"column":76},"end":{"line":68,"column":106}},"line":68},"12":{"name":"(anonymous_12)","decl":{"start":{"line":86,"column":57},"end":{"line":86,"column":58}},"loc":{"start":{"line":86,"column":61},"end":{"line":86,"column":92}},"line":86}},"branchMap":{"0":{"loc":{"start":{"line":33,"column":8},"end":{"line":33,"column":52}},"type":"cond-expr","locations":[{"start":{"line":33,"column":16},"end":{"line":33,"column":32}},{"start":{"line":33,"column":35},"end":{"line":33,"column":52}}],"line":33},"1":{"loc":{"start":{"line":43,"column":88},"end":{"line":43,"column":153}},"type":"cond-expr","locations":[{"start":{"line":43,"column":104},"end":{"line":43,"column":127}},{"start":{"line":43,"column":129},"end":{"line":43,"column":153}}],"line":43},"2":{"loc":{"start":{"line":85,"column":24},"end":{"line":86,"column":128}},"type":"cond-expr","locations":[{"start":{"line":86,"column":28},"end":{"line":86,"column":120}},{"start":{"line":86,"column":124},"end":{"line":86,"column":128}}],"line":85},"3":{"loc":{"start":{"line":89,"column":24},"end":{"line":90,"column":110}},"type":"cond-expr","locations":[{"start":{"line":90,"column":28},"end":{"line":90,"column":102}},{"start":{"line":90,"column":106},"end":{"line":90,"column":110}}],"line":89},"4":{"loc":{"start":{"line":93,"column":24},"end":{"line":94,"column":112}},"type":"cond-expr","locations":[{"start":{"line":94,"column":28},"end":{"line":94,"column":104}},{"start":{"line":94,"column":108},"end":{"line":94,"column":112}}],"line":93},"5":{"loc":{"start":{"line":97,"column":24},"end":{"line":98,"column":112}},"type":"cond-expr","locations":[{"start":{"line":98,"column":28},"end":{"line":98,"column":104}},{"start":{"line":98,"column":108},"end":{"line":98,"column":112}}],"line":97},"6":{"loc":{"start":{"line":101,"column":24},"end":{"line":102,"column":113}},"type":"cond-expr","locations":[{"start":{"line":102,"column":28},"end":{"line":102,"column":105}},{"start":{"line":102,"column":109},"end":{"line":102,"column":113}}],"line":101},"7":{"loc":{"start":{"line":105,"column":24},"end":{"line":106,"column":113}},"type":"cond-expr","locations":[{"start":{"line":106,"column":28},"end":{"line":106,"column":105}},{"start":{"line":106,"column":109},"end":{"line":106,"column":113}}],"line":105},"8":{"loc":{"start":{"line":109,"column":24},"end":{"line":110,"column":107}},"type":"cond-expr","locations":[{"start":{"line":110,"column":28},"end":{"line":110,"column":99}},{"start":{"line":110,"column":103},"end":{"line":110,"column":107}}],"line":109},"9":{"loc":{"start":{"line":113,"column":24},"end":{"line":114,"column":114}},"type":"cond-expr","locations":[{"start":{"line":114,"column":28},"end":{"line":114,"column":106}},{"start":{"line":114,"column":110},"end":{"line":114,"column":114}}],"line":113},"10":{"loc":{"start":{"line":117,"column":24},"end":{"line":118,"column":114}},"type":"cond-expr","locations":[{"start":{"line":118,"column":28},"end":{"line":118,"column":106}},{"start":{"line":118,"column":110},"end":{"line":118,"column":114}}],"line":117},"11":{"loc":{"start":{"line":121,"column":24},"end":{"line":122,"column":109}},"type":"cond-expr","locations":[{"start":{"line":122,"column":28},"end":{"line":122,"column":101}},{"start":{"line":122,"column":105},"end":{"line":122,"column":109}}],"line":121}},"s":{"0":1,"1":1,"2":1,"3":1,"4":0,"5":0,"6":0,"7":0,"8":0,"9":0,"10":0,"11":0,"12":0,"13":0,"14":0,"15":0,"16":0,"17":0,"18":0,"19":0,"20":0,"21":0,"22":0,"23":0,"24":0,"25":0},"f":{"0":0,"1":0,"2":0,"3":0,"4":0,"5":0,"6":0,"7":0,"8":0,"9":0,"10":0,"11":0,"12":0},"b":{"0":[0,0],"1":[0,0],"2":[0,0],"3":[0,0],"4":[0,0],"5":[0,0],"6":[0,0],"7":[0,0],"8":[0,0],"9":[0,0],"10":[0,0],"11":[0,0]},"_coverageSchema":"1a1c01bbd47fc00a2c39e90264f33305004495a9","hash":"6df78156c9eb5f44286236401c3d45fed2ddb730"}
}
