TN:
SF:src\App.js
FN:35,App
FN:52,setHome
FN:55,setAdmin
FN:75,(anonymous_3)
FN:76,(anonymous_4)
FN:78,(anonymous_5)
FN:80,(anonymous_6)
FN:81,(anonymous_7)
FN:82,(anonymous_8)
FN:83,(anonymous_9)
FN:84,(anonymous_10)
FN:85,(anonymous_11)
FN:86,(anonymous_12)
FN:87,(anonymous_13)
FN:88,(anonymous_14)
FNF:15
FNH:1
FNDA:2,App
FNDA:0,setHome
FNDA:0,setAdmin
FNDA:0,(anonymous_3)
FNDA:0,(anonymous_4)
FNDA:0,(anonymous_5)
FNDA:0,(anonymous_6)
FNDA:0,(anonymous_7)
FNDA:0,(anonymous_8)
FNDA:0,(anonymous_9)
FNDA:0,(anonymous_10)
FNDA:0,(anonymous_11)
FNDA:0,(anonymous_12)
FNDA:0,(anonymous_13)
FNDA:0,(anonymous_14)
DA:37,2
DA:38,2
DA:39,2
DA:49,2
DA:50,2
DA:53,0
DA:56,0
DA:60,2
DA:75,0
DA:76,0
DA:78,0
DA:80,0
DA:81,0
DA:82,0
DA:83,0
DA:84,0
DA:85,0
DA:86,0
DA:87,0
DA:88,0
LF:20
LH:6
BRF:0
BRH:0
end_of_record
TN:
SF:src\index.js
FNF:0
FNH:0
DA:7,0
DA:17,0
LF:2
LH:0
BRF:0
BRH:0
end_of_record
TN:
SF:src\reportWebVitals.js
FN:1,(anonymous_0)
FN:3,(anonymous_1)
FNF:2
FNH:0
FNDA:0,(anonymous_0)
FNDA:0,(anonymous_1)
DA:1,0
DA:2,0
DA:3,0
DA:4,0
DA:5,0
DA:6,0
DA:7,0
DA:8,0
LF:8
LH:0
BRDA:2,0,0,0
BRDA:2,0,1,0
BRDA:2,1,0,0
BRDA:2,1,1,0
BRF:4
BRH:0
end_of_record
TN:
SF:src\Common\NavBar.js
FN:4,NavBar
FNF:1
FNH:1
FNDA:7,NavBar
DA:6,7
LF:1
LH:1
BRF:0
BRH:0
end_of_record
TN:
SF:src\Common\Footer\Footer.js
FN:10,(anonymous_0)
FNF:1
FNH:0
FNDA:0,(anonymous_0)
DA:10,1
DA:12,0
DA:16,0
LF:3
LH:1
BRF:0
BRH:0
end_of_record
TN:
SF:src\Common\Header\Header.js
FN:7,(anonymous_0)
FN:17,(anonymous_1)
FN:19,(anonymous_2)
FN:20,(anonymous_3)
FNF:4
FNH:0
FNDA:0,(anonymous_0)
FNDA:0,(anonymous_1)
FNDA:0,(anonymous_2)
FNDA:0,(anonymous_3)
DA:7,1
DA:9,0
DA:13,0
DA:17,0
DA:19,0
DA:20,0
LF:6
LH:1
BRDA:17,0,0,0
BRDA:17,0,1,0
BRF:2
BRH:0
end_of_record
TN:
SF:src\Component\DirectDebit\DirectDebit.js
FN:12,DirectDebit
FN:27,DirectDebitBody
FN:50,chgStyle
FN:65,AccordionList
FN:96,(anonymous_4)
FN:106,Accord
FN:111,(anonymous_6)
FN:137,getBodies
FN:152,Body1
FN:189,Body2
FN:202,Body3
FN:211,Body4
FNF:12
FNH:0
FNDA:0,DirectDebit
FNDA:0,DirectDebitBody
FNDA:0,chgStyle
FNDA:0,AccordionList
FNDA:0,(anonymous_4)
FNDA:0,Accord
FNDA:0,(anonymous_6)
FNDA:0,getBodies
FNDA:0,Body1
FNDA:0,Body2
FNDA:0,Body3
FNDA:0,Body4
DA:16,0
DA:28,0
DA:54,0
DA:55,0
DA:56,0
DA:58,0
DA:59,0
DA:69,0
DA:94,0
DA:97,0
DA:107,0
DA:111,0
DA:139,0
DA:140,0
DA:141,0
DA:142,0
DA:143,0
DA:144,0
DA:145,0
DA:146,0
DA:148,0
DA:153,0
DA:190,0
DA:203,0
DA:212,0
LF:25
LH:0
BRDA:54,0,0,0
BRDA:54,0,1,0
BRDA:139,1,0,0
BRDA:139,1,1,0
BRDA:141,2,0,0
BRDA:141,2,1,0
BRDA:143,3,0,0
BRDA:143,3,1,0
BRDA:145,4,0,0
BRDA:145,4,1,0
BRF:10
BRH:0
end_of_record
TN:
SF:src\Component\FutureDatedPayment\FutureDatedPayment.js
FN:12,FutureDatedPayment
FN:23,FutureDatedPaymentBody
FN:47,(anonymous_2)
FN:72,getStyleStatus
FNF:4
FNH:0
FNDA:0,FutureDatedPayment
FNDA:0,FutureDatedPaymentBody
FNDA:0,(anonymous_2)
FNDA:0,getStyleStatus
DA:13,0
DA:26,0
DA:27,0
DA:31,0
DA:48,0
DA:73,0
DA:74,0
DA:75,0
DA:76,0
DA:77,0
DA:78,0
DA:79,0
DA:80,0
DA:81,0
LF:14
LH:0
BRDA:73,0,0,0
BRDA:73,0,1,0
BRDA:75,1,0,0
BRDA:75,1,1,0
BRDA:77,2,0,0
BRDA:77,2,1,0
BRDA:79,3,0,0
BRDA:79,3,1,0
BRF:8
BRH:0
end_of_record
TN:
SF:src\Component\ManagePayee\ManagePayee.js
FN:10,ManagePayee
FN:16,(anonymous_1)
FN:19,(anonymous_2)
FNF:3
FNH:0
FNDA:0,ManagePayee
FNDA:0,(anonymous_1)
FNDA:0,(anonymous_2)
DA:12,0
DA:14,0
DA:16,0
DA:19,0
DA:24,0
LF:5
LH:0
BRF:0
BRH:0
end_of_record
TN:
SF:src\Component\MobileTopUp\MobileTopUp.js
FN:8,MobileTopUp
FN:13,(anonymous_1)
FN:43,MobileTopUpBody
FN:49,(anonymous_3)
FN:59,(anonymous_4)
FN:62,(anonymous_5)
FNF:6
FNH:0
FNDA:0,MobileTopUp
FNDA:0,(anonymous_1)
FNDA:0,MobileTopUpBody
FNDA:0,(anonymous_3)
FNDA:0,(anonymous_4)
FNDA:0,(anonymous_5)
DA:10,0
DA:13,0
DA:18,0
DA:45,0
DA:48,0
DA:49,0
DA:50,0
DA:53,0
DA:59,0
DA:63,0
LF:10
LH:0
BRF:0
BRH:0
end_of_record
TN:
SF:src\Component\PrivateBankingPayment\PrivateBankingPayment.js
FN:13,PrivateBankingPayment
FN:25,PrivateBankingPaymentBody
FN:33,(anonymous_2)
FN:73,(anonymous_3)
FNF:4
FNH:0
FNDA:0,PrivateBankingPayment
FNDA:0,PrivateBankingPaymentBody
FNDA:0,(anonymous_2)
FNDA:0,(anonymous_3)
DA:14,0
DA:27,0
DA:28,0
DA:30,0
DA:32,0
DA:33,0
DA:34,0
DA:39,0
DA:73,0
LF:9
LH:0
BRF:0
BRH:0
end_of_record
TN:
SF:src\Component\SendMoney\SendMoney.js
FN:10,SendMoney
FN:16,(anonymous_1)
FN:19,(anonymous_2)
FN:58,SendBody
FN:64,(anonymous_4)
FN:74,(anonymous_5)
FN:77,(anonymous_6)
FNF:7
FNH:0
FNDA:0,SendMoney
FNDA:0,(anonymous_1)
FNDA:0,(anonymous_2)
FNDA:0,SendBody
FNDA:0,(anonymous_4)
FNDA:0,(anonymous_5)
FNDA:0,(anonymous_6)
DA:12,0
DA:14,0
DA:16,0
DA:19,0
DA:24,0
DA:60,0
DA:63,0
DA:64,0
DA:65,0
DA:68,0
DA:74,0
DA:78,0
LF:12
LH:0
BRF:0
BRH:0
end_of_record
TN:
SF:src\Component\SetUpStanding\SetUpStanding.js
FN:11,SetUpStanding
FN:23,SetUpStandingBody
FN:29,(anonymous_2)
FN:56,(anonymous_3)
FN:59,(anonymous_4)
FNF:5
FNH:0
FNDA:0,SetUpStanding
FNDA:0,SetUpStandingBody
FNDA:0,(anonymous_2)
FNDA:0,(anonymous_3)
FNDA:0,(anonymous_4)
DA:12,0
DA:25,0
DA:26,0
DA:28,0
DA:29,0
DA:30,0
DA:35,0
DA:56,0
DA:60,0
LF:9
LH:0
BRF:0
BRH:0
end_of_record
TN:
SF:src\Component\StandingOrder\StandingOrder.js
FN:9,StandingOrder
FN:16,(anonymous_1)
FN:40,StandingOrderBody
FN:46,(anonymous_3)
FN:58,(anonymous_4)
FN:61,(anonymous_5)
FNF:6
FNH:0
FNDA:0,StandingOrder
FNDA:0,(anonymous_1)
FNDA:0,StandingOrderBody
FNDA:0,(anonymous_3)
FNDA:0,(anonymous_4)
FNDA:0,(anonymous_5)
DA:11,0
DA:12,0
DA:16,0
DA:21,0
DA:42,0
DA:43,0
DA:45,0
DA:46,0
DA:47,0
DA:50,0
DA:58,0
DA:62,0
LF:12
LH:0
BRF:0
BRH:0
end_of_record
TN:
SF:src\Component\Success\AddedSuccess.js
FN:10,AddedSuccess
FN:15,doWork
FNF:2
FNH:0
FNDA:0,AddedSuccess
FNDA:0,doWork
DA:12,0
DA:13,0
DA:16,0
DA:17,0
DA:18,0
DA:21,0
LF:6
LH:0
BRF:0
BRH:0
end_of_record
TN:
SF:src\Component\TransferMoney\TransferMoney.js
FN:12,TransferMoney
FN:15,(anonymous_1)
FN:34,TransferBody
FN:41,(anonymous_3)
FN:74,(anonymous_4)
FN:77,(anonymous_5)
FN:86,(anonymous_6)
FN:88,(anonymous_7)
FNF:8
FNH:0
FNDA:0,TransferMoney
FNDA:0,(anonymous_1)
FNDA:0,TransferBody
FNDA:0,(anonymous_3)
FNDA:0,(anonymous_4)
FNDA:0,(anonymous_5)
FNDA:0,(anonymous_6)
FNDA:0,(anonymous_7)
DA:15,0
DA:20,0
DA:37,0
DA:40,0
DA:41,0
DA:42,0
DA:46,0
DA:74,0
DA:78,0
DA:87,0
DA:88,0
LF:11
LH:0
BRDA:87,0,0,0
BRDA:87,0,1,0
BRF:2
BRH:0
end_of_record
TN:
SF:src\Component\TransferMoney\index.js
FNF:0
FNH:0
LF:0
LH:0
BRF:0
BRH:0
end_of_record
TN:
SF:src\Context\AccountContext.js
FN:36,(anonymous_0)
FN:50,(anonymous_1)
FN:59,AccountProvider
FNF:3
FNH:0
FNDA:0,(anonymous_0)
FNDA:0,(anonymous_1)
FNDA:0,AccountProvider
DA:6,0
DA:9,0
DA:36,0
DA:38,0
DA:40,0
DA:42,0
DA:44,0
DA:45,0
DA:48,0
DA:49,0
DA:50,0
DA:51,0
DA:53,0
DA:61,0
DA:62,0
DA:64,0
DA:70,0
LF:17
LH:0
BRDA:38,0,0,0
BRDA:38,0,1,0
BRDA:38,0,2,0
BRF:3
BRH:0
end_of_record
TN:
SF:src\Context\GlobalContext.js
FNF:0
FNH:0
DA:4,1
DA:7,1
DA:8,1
LF:3
LH:3
BRF:0
BRH:0
end_of_record
TN:
SF:src\Context\HeaderContext.js
FN:11,(anonymous_0)
FN:25,HeaderProvider
FNF:2
FNH:0
FNDA:0,(anonymous_0)
FNDA:0,HeaderProvider
DA:4,1
DA:6,1
DA:11,1
DA:13,0
DA:15,0
DA:17,0
DA:19,0
DA:21,0
DA:27,0
DA:28,0
DA:30,0
DA:36,1
LF:12
LH:4
BRDA:13,0,0,0
BRDA:13,0,1,0
BRDA:13,0,2,0
BRDA:13,0,3,0
BRF:4
BRH:0
end_of_record
TN:
SF:src\Context\TransactionContext.js
FN:83,(anonymous_0)
FN:111,(anonymous_1)
FN:149,TransactionProvider
FN:163,(anonymous_3)
FN:171,(anonymous_4)
FN:182,(anonymous_5)
FN:185,(anonymous_6)
FN:188,(anonymous_7)
FN:191,(anonymous_8)
FN:206,(anonymous_9)
FN:209,(anonymous_10)
FN:215,(anonymous_11)
FN:218,(anonymous_12)
FN:226,(anonymous_13)
FN:229,(anonymous_14)
FN:240,(anonymous_15)
FN:243,(anonymous_16)
FNF:17
FNH:0
FNDA:0,(anonymous_0)
FNDA:0,(anonymous_1)
FNDA:0,TransactionProvider
FNDA:0,(anonymous_3)
FNDA:0,(anonymous_4)
FNDA:0,(anonymous_5)
FNDA:0,(anonymous_6)
FNDA:0,(anonymous_7)
FNDA:0,(anonymous_8)
FNDA:0,(anonymous_9)
FNDA:0,(anonymous_10)
FNDA:0,(anonymous_11)
FNDA:0,(anonymous_12)
FNDA:0,(anonymous_13)
FNDA:0,(anonymous_14)
FNDA:0,(anonymous_15)
FNDA:0,(anonymous_16)
DA:6,1
DA:8,1
DA:83,1
DA:85,0
DA:87,0
DA:89,0
DA:91,0
DA:93,0
DA:95,0
DA:97,0
DA:99,0
DA:100,0
DA:101,0
DA:104,0
DA:109,0
DA:110,0
DA:111,0
DA:112,0
DA:113,0
DA:117,0
DA:122,0
DA:123,0
DA:125,0
DA:130,0
DA:140,0
DA:145,0
DA:151,0
DA:152,0
DA:154,0
DA:163,1
DA:169,0
DA:172,0
DA:173,0
DA:174,0
DA:182,1
DA:183,0
DA:185,0
DA:188,1
DA:189,0
DA:192,0
DA:198,0
DA:206,1
DA:207,0
DA:210,0
DA:211,0
DA:215,1
DA:216,0
DA:219,0
DA:220,0
DA:226,1
DA:227,0
DA:230,0
DA:231,0
DA:232,0
DA:240,1
DA:241,0
DA:244,0
DA:253,1
LF:58
LH:11
BRDA:85,0,0,0
BRDA:85,0,1,0
BRDA:85,0,2,0
BRDA:85,0,3,0
BRDA:85,0,4,0
BRDA:85,0,5,0
BRDA:85,0,6,0
BRDA:85,0,7,0
BRDA:85,0,8,0
BRDA:85,0,9,0
BRDA:85,0,10,0
BRDA:85,0,11,0
BRDA:85,0,12,0
BRDA:112,1,0,0
BRDA:112,1,1,0
BRF:15
BRH:0
end_of_record
TN:
SF:src\Layout\Home.js
FN:12,HomeComponent
FN:27,Operations
FN:36,(anonymous_2)
FN:37,(anonymous_3)
FN:38,(anonymous_4)
FN:39,(anonymous_5)
FN:40,(anonymous_6)
FN:41,(anonymous_7)
FN:42,(anonymous_8)
FN:43,(anonymous_9)
FNF:10
FNH:1
FNDA:3,HomeComponent
FNDA:0,Operations
FNDA:0,(anonymous_2)
FNDA:0,(anonymous_3)
FNDA:0,(anonymous_4)
FNDA:0,(anonymous_5)
FNDA:0,(anonymous_6)
FNDA:0,(anonymous_7)
FNDA:0,(anonymous_8)
FNDA:0,(anonymous_9)
DA:13,3
DA:29,0
DA:31,0
DA:36,0
DA:37,0
DA:38,0
DA:39,0
DA:40,0
DA:41,0
DA:42,0
DA:43,0
LF:11
LH:1
BRF:0
BRH:0
end_of_record
TN:
SF:src\Layout\MyApp.js
FN:39,(anonymous_0)
FN:115,MyAppComponent
FN:158,TransactionCheck
FN:166,(anonymous_3)
FN:170,(anonymous_4)
FN:175,(anonymous_5)
FN:183,(anonymous_6)
FN:185,(anonymous_7)
FN:190,(anonymous_8)
FN:208,(anonymous_9)
FN:211,(anonymous_10)
FN:227,(anonymous_11)
FN:229,(anonymous_12)
FN:230,(anonymous_13)
FN:231,(anonymous_14)
FN:271,SingleAccount
FN:280,(anonymous_16)
FN:289,(anonymous_17)
FN:305,(anonymous_18)
FN:317,(anonymous_19)
FN:322,(anonymous_20)
FN:406,(anonymous_21)
FN:421,(anonymous_22)
FN:434,(anonymous_23)
FN:445,(anonymous_24)
FN:466,(anonymous_25)
FN:468,(anonymous_26)
FN:469,(anonymous_27)
FN:488,(anonymous_28)
FN:513,AddNewUser
FN:520,(anonymous_30)
FN:532,(anonymous_31)
FN:537,(anonymous_32)
FN:542,(anonymous_33)
FN:548,(anonymous_34)
FN:566,(anonymous_35)
FN:632,MyAppBody
FN:654,(anonymous_37)
FN:670,(anonymous_38)
FN:671,(anonymous_39)
FN:679,(anonymous_40)
FN:703,(anonymous_41)
FN:715,(anonymous_42)
FN:734,Login
FN:743,(anonymous_44)
FN:752,(anonymous_45)
FN:755,(anonymous_46)
FN:759,(anonymous_47)
FN:801,(anonymous_48)
FN:805,(anonymous_49)
FN:815,(anonymous_50)
FN:818,(anonymous_51)
FN:842,(anonymous_52)
FN:851,(anonymous_53)
FN:859,(anonymous_54)
FN:865,(anonymous_55)
FN:887,(anonymous_56)
FN:894,(anonymous_57)
FNF:58
FNH:0
FNDA:0,(anonymous_0)
FNDA:0,MyAppComponent
FNDA:0,TransactionCheck
FNDA:0,(anonymous_3)
FNDA:0,(anonymous_4)
FNDA:0,(anonymous_5)
FNDA:0,(anonymous_6)
FNDA:0,(anonymous_7)
FNDA:0,(anonymous_8)
FNDA:0,(anonymous_9)
FNDA:0,(anonymous_10)
FNDA:0,(anonymous_11)
FNDA:0,(anonymous_12)
FNDA:0,(anonymous_13)
FNDA:0,(anonymous_14)
FNDA:0,SingleAccount
FNDA:0,(anonymous_16)
FNDA:0,(anonymous_17)
FNDA:0,(anonymous_18)
FNDA:0,(anonymous_19)
FNDA:0,(anonymous_20)
FNDA:0,(anonymous_21)
FNDA:0,(anonymous_22)
FNDA:0,(anonymous_23)
FNDA:0,(anonymous_24)
FNDA:0,(anonymous_25)
FNDA:0,(anonymous_26)
FNDA:0,(anonymous_27)
FNDA:0,(anonymous_28)
FNDA:0,AddNewUser
FNDA:0,(anonymous_30)
FNDA:0,(anonymous_31)
FNDA:0,(anonymous_32)
FNDA:0,(anonymous_33)
FNDA:0,(anonymous_34)
FNDA:0,(anonymous_35)
FNDA:0,MyAppBody
FNDA:0,(anonymous_37)
FNDA:0,(anonymous_38)
FNDA:0,(anonymous_39)
FNDA:0,(anonymous_40)
FNDA:0,(anonymous_41)
FNDA:0,(anonymous_42)
FNDA:0,Login
FNDA:0,(anonymous_44)
FNDA:0,(anonymous_45)
FNDA:0,(anonymous_46)
FNDA:0,(anonymous_47)
FNDA:0,(anonymous_48)
FNDA:0,(anonymous_49)
FNDA:0,(anonymous_50)
FNDA:0,(anonymous_51)
FNDA:0,(anonymous_52)
FNDA:0,(anonymous_53)
FNDA:0,(anonymous_54)
FNDA:0,(anonymous_55)
FNDA:0,(anonymous_56)
FNDA:0,(anonymous_57)
DA:39,1
DA:63,1
DA:119,0
DA:161,0
DA:162,0
DA:163,0
DA:164,0
DA:166,0
DA:167,0
DA:170,0
DA:171,0
DA:175,0
DA:176,0
DA:183,0
DA:185,0
DA:190,0
DA:199,0
DA:208,0
DA:212,0
DA:224,0
DA:227,0
DA:229,0
DA:230,0
DA:231,0
DA:273,0
DA:274,0
DA:276,0
DA:277,0
DA:279,0
DA:281,0
DA:282,0
DA:289,0
DA:291,0
DA:293,0
DA:297,0
DA:305,0
DA:306,0
DA:313,0
DA:315,0
DA:317,0
DA:318,0
DA:319,0
DA:322,0
DA:323,0
DA:326,0
DA:334,0
DA:341,0
DA:406,1
DA:409,0
DA:422,0
DA:434,1
DA:436,0
DA:438,0
DA:439,0
DA:440,0
DA:444,0
DA:446,0
DA:452,0
DA:467,0
DA:468,0
DA:469,0
DA:489,0
DA:515,0
DA:517,0
DA:520,0
DA:521,0
DA:526,0
DA:529,0
DA:532,0
DA:537,0
DA:542,0
DA:545,0
DA:546,0
DA:548,0
DA:549,0
DA:552,0
DA:560,0
DA:566,0
DA:570,0
DA:634,0
DA:636,0
DA:654,1
DA:656,0
DA:657,0
DA:658,0
DA:660,0
DA:670,0
DA:671,0
DA:679,1
DA:681,0
DA:682,0
DA:684,0
DA:703,1
DA:705,0
DA:707,0
DA:716,0
DA:736,0
DA:737,0
DA:739,0
DA:741,0
DA:743,0
DA:744,0
DA:745,0
DA:753,0
DA:756,0
DA:757,0
DA:760,0
DA:801,0
DA:804,0
DA:805,0
DA:815,0
DA:816,0
DA:818,0
DA:819,0
DA:825,0
DA:826,0
DA:827,0
DA:830,0
DA:835,0
DA:838,0
DA:843,0
DA:852,0
DA:859,0
DA:860,0
DA:865,0
DA:874,0
DA:887,1
DA:888,0
DA:894,1
DA:895,0
LF:130
LH:9
BRDA:207,0,0,0
BRDA:207,0,1,0
BRDA:208,1,0,0
BRDA:208,1,1,0
BRDA:344,2,0,0
BRDA:344,2,1,0
BRDA:346,3,0,0
BRDA:346,3,1,0
BRDA:486,4,0,0
BRDA:486,4,1,0
BRDA:625,5,0,0
BRDA:625,5,1,0
BRDA:717,6,0,0
BRDA:717,6,1,0
BRDA:718,7,0,0
BRDA:718,7,1,0
BRDA:825,8,0,0
BRDA:825,8,1,0
BRDA:825,9,0,0
BRDA:825,9,1,0
BRDA:878,10,0,0
BRDA:878,10,1,0
BRF:22
BRH:0
end_of_record
TN:
SF:src\Layout\MyAppLayout.js
FN:21,MyAppLayout
FN:27,(anonymous_1)
FN:32,(anonymous_2)
FN:38,(anonymous_3)
FN:50,(anonymous_4)
FN:56,(anonymous_5)
FN:60,(anonymous_6)
FN:61,(anonymous_7)
FN:62,(anonymous_8)
FN:65,(anonymous_9)
FN:66,(anonymous_10)
FN:68,(anonymous_11)
FN:86,(anonymous_12)
FNF:13
FNH:0
FNDA:0,MyAppLayout
FNDA:0,(anonymous_1)
FNDA:0,(anonymous_2)
FNDA:0,(anonymous_3)
FNDA:0,(anonymous_4)
FNDA:0,(anonymous_5)
FNDA:0,(anonymous_6)
FNDA:0,(anonymous_7)
FNDA:0,(anonymous_8)
FNDA:0,(anonymous_9)
FNDA:0,(anonymous_10)
FNDA:0,(anonymous_11)
FNDA:0,(anonymous_12)
DA:10,1
DA:11,1
DA:13,1
DA:17,1
DA:23,0
DA:24,0
DA:26,0
DA:27,0
DA:28,0
DA:29,0
DA:31,0
DA:32,0
DA:33,0
DA:36,0
DA:37,0
DA:38,0
DA:41,0
DA:50,0
DA:56,0
DA:60,0
DA:61,0
DA:62,0
DA:65,0
DA:66,0
DA:68,0
DA:86,0
LF:26
LH:4
BRDA:33,0,0,0
BRDA:33,0,1,0
BRDA:43,1,0,0
BRDA:43,1,1,0
BRDA:85,2,0,0
BRDA:85,2,1,0
BRDA:89,3,0,0
BRDA:89,3,1,0
BRDA:93,4,0,0
BRDA:93,4,1,0
BRDA:97,5,0,0
BRDA:97,5,1,0
BRDA:101,6,0,0
BRDA:101,6,1,0
BRDA:105,7,0,0
BRDA:105,7,1,0
BRDA:109,8,0,0
BRDA:109,8,1,0
BRDA:113,9,0,0
BRDA:113,9,1,0
BRDA:117,10,0,0
BRDA:117,10,1,0
BRDA:121,11,0,0
BRDA:121,11,1,0
BRF:24
BRH:0
end_of_record
